[2018-02-06T20:48:38.827] [INFO] normal - GET /article?classify=&state=&keyword=&page=1&pageSize=20 响应时间为: 0.006s
[2018-02-06T20:48:42.102] [INFO] normal - GET /article?classify=&state=&keyword=&page=4&pageSize=20 响应时间为: 0.004s
[2018-02-06T20:48:45.304] [INFO] normal - GET /article?classify=&state=&keyword=&page=3&pageSize=30 响应时间为: 0.008s
[2018-02-06T20:48:45.307] [INFO] normal - GET /article?classify=&state=&keyword=&page=4&pageSize=30 响应时间为: 0.012s
[2018-02-06T20:51:21.535] [INFO] normal - GET /article?classify=&state=&keyword=&page=1&pageSize=20 响应时间为: 0.004s
[2018-02-06T20:51:23.566] [INFO] normal - GET /article?classify=&state=&keyword=&page=4&pageSize=20 响应时间为: 0.007s
[2018-02-06T20:51:25.472] [INFO] normal - GET /article?classify=&state=&keyword=&page=3&pageSize=30 响应时间为: 0.009s
[2018-02-06T20:51:25.475] [INFO] normal - GET /article?classify=&state=&keyword=&page=4&pageSize=30 响应时间为: 0.012s
[2018-02-06T20:52:57.586] [INFO] normal - GET /article?classify=&state=&keyword=&page=1&pageSize=20 响应时间为: 0.005s
[2018-02-06T20:53:01.441] [INFO] normal - GET /article?classify=&state=&keyword=&page=4&pageSize=20 响应时间为: 0.012s
[2018-02-06T20:53:02.401] [INFO] normal - GET /article?classify=&state=&keyword=&page=5&pageSize=20 响应时间为: 0.005s
[2018-02-06T20:53:04.384] [INFO] normal - GET /article?classify=&state=&keyword=&page=5&pageSize=30 响应时间为: 0.003s
[2018-02-06T20:53:04.385] [INFO] normal - GET /article?classify=&state=&keyword=&page=4&pageSize=30 响应时间为: 0.004s
[2018-02-06T20:54:21.714] [INFO] normal - GET /article?classify=&state=&keyword=&page=1&pageSize=20 响应时间为: 0.006s
[2018-02-06T20:54:23.304] [INFO] normal - GET /article?classify=&state=&keyword=&page=5&pageSize=20 响应时间为: 0.003s
[2018-02-06T20:54:25.628] [INFO] normal - GET /article?classify=&state=&keyword=&page=5&pageSize=30 响应时间为: 0.002s
[2018-02-06T20:54:25.638] [INFO] normal - GET /article?classify=&state=&keyword=&page=4&pageSize=30 响应时间为: 0.006s
[2018-02-06T20:54:42.427] [INFO] normal - GET /article?classify=&state=&keyword=&page=1&pageSize=20 响应时间为: 0.005s
[2018-02-06T20:54:50.236] [INFO] normal - GET /article?classify=&state=&keyword=&page=5&pageSize=20 响应时间为: 0.004s
[2018-02-06T20:54:53.902] [INFO] normal - GET /article?classify=&state=&keyword=&page=5&pageSize=30 响应时间为: 0.003s
[2018-02-06T20:54:53.906] [INFO] normal - GET /article?classify=&state=&keyword=&page=4&pageSize=30 响应时间为: 0.003s
[2018-02-06T20:56:00.417] [INFO] normal - GET /article?classify=&state=&keyword=&page=1&pageSize=20 响应时间为: 0.006s
[2018-02-06T20:56:01.823] [INFO] normal - GET /article?classify=&state=&keyword=&page=1&pageSize=20 响应时间为: 0.008s
[2018-02-06T20:56:32.305] [INFO] normal - GET /article?classify=&state=&keyword=&page=1&pageSize=20 响应时间为: 0.006s
[2018-02-06T21:04:07.765] [INFO] normal - GET /article?classify=&state=&keyword=&page=1&pageSize=20 响应时间为: 0.005s
[2018-02-06T21:04:11.300] [INFO] normal - GET /article?classify=&state=&keyword=&page=4&pageSize=20 响应时间为: 0.008s
[2018-02-06T21:04:15.954] [INFO] normal - GET /article?classify=&state=&keyword=&page=2&pageSize=30 响应时间为: 0.008s
[2018-02-06T21:04:15.958] [INFO] normal - GET /article?classify=&state=&keyword=&page=4&pageSize=30 响应时间为: 0.007s
[2018-02-06T21:04:57.992] [INFO] normal - GET /article?classify=&state=&keyword=&page=1&pageSize=20 响应时间为: 0.006s
[2018-02-06T21:05:02.283] [INFO] normal - GET /article?classify=&state=&keyword=&page=3&pageSize=20 响应时间为: 0.004s
[2018-02-06T21:05:03.456] [INFO] normal - GET /article?classify=&state=&keyword=&page=4&pageSize=20 响应时间为: 0.006s
[2018-02-06T21:05:07.442] [INFO] normal - GET /article?classify=&state=&keyword=&page=4&pageSize=30 响应时间为: 0.012s
[2018-02-06T21:05:07.445] [INFO] normal - GET /article?classify=&state=&keyword=&page=2&pageSize=30 响应时间为: 0.013s
[2018-02-06T21:05:15.173] [INFO] normal - GET /article?classify=&state=&keyword=&page=1&pageSize=20 响应时间为: 0.006s
[2018-02-06T21:05:16.116] [INFO] normal - GET /article?classify=&state=&keyword=&page=4&pageSize=20 响应时间为: 0.006s
[2018-02-06T21:05:22.105] [INFO] normal - GET /article?classify=&state=&keyword=&page=4&pageSize=30 响应时间为: 0.008s
[2018-02-06T21:05:22.108] [INFO] normal - GET /article?classify=&state=&keyword=&page=2&pageSize=30 响应时间为: 0.01s
[2018-02-06T21:06:08.064] [INFO] normal - GET /article?classify=&state=&keyword=&page=1&pageSize=20 响应时间为: 0.006s
[2018-02-06T21:06:11.030] [INFO] normal - GET /article?classify=&state=&keyword=&page=1&pageSize=20 响应时间为: 0.005s
[2018-02-06T21:06:18.429] [INFO] normal - GET /article?classify=&state=&keyword=&page=4&pageSize=20 响应时间为: 0.006s
[2018-02-06T21:06:22.666] [INFO] normal - GET /article?classify=&state=&keyword=&page=4&pageSize=30 响应时间为: 0.006s
[2018-02-06T21:06:22.668] [INFO] normal - GET /article?classify=&state=&keyword=&page=2&pageSize=30 响应时间为: 0.007s
[2018-02-06T21:08:19.434] [INFO] normal - GET /article?classify=&state=&keyword=&page=1&pageSize=20 响应时间为: 0.004s
[2018-02-06T21:08:52.830] [INFO] normal - GET /article?classify=&state=&keyword=&page=1&pageSize=20 响应时间为: 0.006s
[2018-02-06T21:08:54.532] [INFO] normal - GET /article?classify=&state=&keyword=&page=5&pageSize=20 响应时间为: 0.008s
[2018-02-06T21:08:55.499] [INFO] normal - GET /article?classify=&state=&keyword=&page=4&pageSize=20 响应时间为: 0.008s
[2018-02-06T21:08:56.281] [INFO] normal - GET /article?classify=&state=&keyword=&page=3&pageSize=20 响应时间为: 0.009s
[2018-02-06T21:08:56.920] [INFO] normal - GET /article?classify=&state=&keyword=&page=4&pageSize=20 响应时间为: 0.007s
[2018-02-06T21:08:59.610] [INFO] normal - GET /article?classify=&state=&keyword=&page=3&pageSize=20 响应时间为: 0.006s
[2018-02-06T21:09:00.326] [INFO] normal - GET /article?classify=&state=&keyword=&page=4&pageSize=20 响应时间为: 0.006s
[2018-02-06T21:09:04.315] [INFO] normal - GET /article?classify=&state=&keyword=&page=4&pageSize=30 响应时间为: 0.004s
[2018-02-06T21:09:04.324] [INFO] normal - GET /article?classify=&state=&keyword=&page=2&pageSize=30 响应时间为: 0.011s
[2018-02-06T21:09:07.216] [INFO] normal - GET /article?classify=&state=&keyword=&page=2&pageSize=25 响应时间为: 0.009s
[2018-02-06T21:09:09.448] [INFO] normal - GET /article?classify=&state=&keyword=&page=2&pageSize=20 响应时间为: 0.009s
[2018-02-06T21:09:11.229] [INFO] normal - GET /article?classify=&state=&keyword=&page=1&pageSize=30 响应时间为: 0.007s
[2018-02-06T21:09:11.235] [INFO] normal - GET /article?classify=&state=&keyword=&page=2&pageSize=30 响应时间为: 0.012s
[2018-02-06T21:09:12.446] [INFO] normal - GET /article?classify=&state=&keyword=&page=3&pageSize=30 响应时间为: 0.008s
[2018-02-06T21:09:14.472] [INFO] normal - GET /article?classify=&state=&keyword=&page=3&pageSize=25 响应时间为: 0.009s
[2018-02-06T21:09:17.246] [INFO] normal - GET /article?classify=&state=&keyword=&page=3&pageSize=20 响应时间为: 0.006s
[2018-02-06T21:09:19.193] [INFO] normal - GET /article?classify=&state=&keyword=&page=3&pageSize=30 响应时间为: 0.008s
[2018-02-06T21:09:19.202] [INFO] normal - GET /article?classify=&state=&keyword=&page=2&pageSize=30 响应时间为: 0.006s
[2018-02-06T21:09:21.659] [INFO] normal - GET /article?classify=&state=&keyword=&page=2&pageSize=25 响应时间为: 0.009s
[2018-02-06T21:09:23.920] [INFO] normal - GET /article?classify=&state=&keyword=&page=4&pageSize=25 响应时间为: 0.004s
[2018-02-06T21:09:26.122] [INFO] normal - GET /article?classify=&state=&keyword=&page=4&pageSize=20 响应时间为: 0.005s
[2018-02-06T21:09:26.127] [INFO] normal - GET /article?classify=&state=&keyword=&page=5&pageSize=20 响应时间为: 0.004s
[2018-02-06T21:09:27.813] [INFO] normal - GET /article?classify=&state=&keyword=&page=5&pageSize=30 响应时间为: 0.004s
[2018-02-06T21:09:27.820] [INFO] normal - GET /article?classify=&state=&keyword=&page=3&pageSize=30 响应时间为: 0.01s
[2018-02-06T21:09:32.795] [INFO] normal - GET /article?classify=&state=&keyword=&page=2&pageSize=30 响应时间为: 0.01s
[2018-02-06T21:09:35.503] [INFO] normal - GET /article?classify=&state=&keyword=&page=2&pageSize=25 响应时间为: 0.006s
[2018-02-06T21:09:37.624] [INFO] normal - GET /article?classify=&state=&keyword=&page=2&pageSize=20 响应时间为: 0.011s
[2018-02-06T21:09:39.727] [INFO] normal - GET /article?classify=&state=&keyword=&page=4&pageSize=20 响应时间为: 0.004s
[2018-02-06T21:09:42.050] [INFO] normal - GET /article?classify=&state=&keyword=&page=4&pageSize=30 响应时间为: 0.012s
[2018-02-06T21:09:42.052] [INFO] normal - GET /article?classify=&state=&keyword=&page=2&pageSize=30 响应时间为: 0.01s
[2018-02-06T21:09:43.670] [INFO] normal - GET /article?classify=&state=&keyword=&page=2&pageSize=25 响应时间为: 0.007s
[2018-02-06T21:10:01.082] [INFO] normal - GET /article?classify=&state=&keyword=&page=3&pageSize=25 响应时间为: 0.007s
[2018-02-06T21:10:01.842] [INFO] normal - GET /article?classify=&state=&keyword=&page=4&pageSize=25 响应时间为: 0.005s
[2018-02-06T21:10:03.136] [INFO] normal - GET /article?classify=&state=&keyword=&page=3&pageSize=25 响应时间为: 0.008s
[2018-02-06T21:10:05.314] [INFO] normal - GET /article?classify=web_fe&state=draft&keyword=&page=3&pageSize=25 响应时间为: 0.007s
[2018-02-06T21:10:06.427] [INFO] normal - GET /article?classify=web_fe&state=draft&keyword=&page=3&pageSize=25 响应时间为: 0.009s
[2018-02-06T21:10:07.185] [INFO] normal - GET /article?classify=web_fe&state=draft&keyword=&page=3&pageSize=25 响应时间为: 0.007s
[2018-02-06T21:10:07.894] [INFO] normal - GET /article?classify=web_fe&state=draft&keyword=&page=3&pageSize=25 响应时间为: 0.011s
[2018-02-06T21:10:09.163] [INFO] normal - GET /article?classify=web_fe&state=draft&keyword=&page=3&pageSize=25 响应时间为: 0.007s
[2018-02-06T21:10:09.866] [INFO] normal - GET /article?classify=web_fe&state=draft&keyword=&page=3&pageSize=25 响应时间为: 0.008s
[2018-02-06T21:10:10.522] [INFO] normal - GET /article?classify=web_fe&state=draft&keyword=&page=3&pageSize=25 响应时间为: 0.008s
[2018-02-06T21:10:11.725] [INFO] normal - GET /article?classify=web_fe&state=draft&keyword=&page=3&pageSize=25 响应时间为: 0.01s
[2018-02-06T21:10:12.796] [INFO] normal - GET /article?classify=web_fe&state=draft&keyword=&page=3&pageSize=25 响应时间为: 0.009s
[2018-02-06T21:10:13.834] [INFO] normal - GET /article?classify=web_fe&state=draft&keyword=&page=3&pageSize=25 响应时间为: 0.008s
[2018-02-06T21:10:14.877] [INFO] normal - GET /article?classify=web_fe&state=draft&keyword=&page=3&pageSize=25 响应时间为: 0.011s
[2018-02-06T21:10:19.034] [INFO] normal - GET /article?classify=web_fe&state=draft&keyword=&page=1&pageSize=25 响应时间为: 0.006s
[2018-02-06T21:10:20.414] [INFO] normal - GET /article?classify=web_fe&state=draft&keyword=&page=2&pageSize=25 响应时间为: 0.007s
[2018-02-06T21:10:21.082] [INFO] normal - GET /article?classify=web_fe&state=draft&keyword=&page=3&pageSize=25 响应时间为: 0.007s
[2018-02-06T21:10:21.819] [INFO] normal - GET /article?classify=web_fe&state=draft&keyword=&page=4&pageSize=25 响应时间为: 0.005s
[2018-02-06T21:10:23.304] [INFO] normal - GET /article?classify=web_fe&state=draft&keyword=&page=3&pageSize=25 响应时间为: 0.006s
[2018-02-06T21:10:24.229] [INFO] normal - GET /article?classify=web_fe&state=draft&keyword=&page=2&pageSize=25 响应时间为: 0.005s
[2018-02-06T21:10:25.338] [INFO] normal - GET /article?classify=web_fe&state=draft&keyword=&page=1&pageSize=25 响应时间为: 0.005s
[2018-02-06T21:10:40.108] [INFO] normal - GET /article?classify=&state=&keyword=&page=1&pageSize=20 响应时间为: 0.055s
[2018-02-06T21:10:43.589] [INFO] normal - GET /article?classify=&state=&keyword=&page=2&pageSize=20 响应时间为: 0.009s
[2018-02-06T21:10:44.642] [INFO] normal - GET /article?classify=&state=&keyword=&page=3&pageSize=20 响应时间为: 0.011s
[2018-02-06T21:10:45.285] [INFO] normal - GET /article?classify=&state=&keyword=&page=4&pageSize=20 响应时间为: 0.01s
[2018-02-06T21:10:46.181] [INFO] normal - GET /article?classify=&state=&keyword=&page=5&pageSize=20 响应时间为: 0.011s
[2018-02-06T21:10:52.535] [INFO] normal - GET /qiniu/token 响应时间为: 0.003s
[2018-02-06T21:11:04.754] [INFO] normal - OPTIONS /article/new 响应时间为: 0.001s
[2018-02-06T21:11:04.800] [INFO] normal - POST /article/new 响应时间为: 0.032s
[2018-02-06T21:11:08.685] [INFO] normal - GET /article?classify=&state=&keyword=&page=1&pageSize=20 响应时间为: 0.014s
[2018-02-06T21:11:12.252] [INFO] normal - GET /article?classify=&state=publish&keyword=&page=1&pageSize=20 响应时间为: 0.006s
[2018-02-06T21:11:17.930] [INFO] normal - GET /article?classify=web_fe&state=publish&keyword=&page=1&pageSize=20 响应时间为: 0.005s
[2018-02-06T21:11:22.339] [INFO] normal - GET /article?classify=web_fe&state=&keyword=&page=1&pageSize=20 响应时间为: 0.013s
[2018-02-06T21:11:28.333] [INFO] normal - GET /article?classify=web_fe&state=&keyword=&page=2&pageSize=20 响应时间为: 0.009s
[2018-02-06T21:11:29.243] [INFO] normal - GET /article?classify=web_fe&state=&keyword=&page=3&pageSize=20 响应时间为: 0.017s
[2018-02-06T21:11:29.876] [INFO] normal - GET /article?classify=web_fe&state=&keyword=&page=4&pageSize=20 响应时间为: 0.01s
[2018-02-06T21:11:31.045] [INFO] normal - GET /article?classify=web_fe&state=&keyword=&page=5&pageSize=20 响应时间为: 0.01s
[2018-02-06T21:11:58.880] [INFO] normal - GET /article?classify=&state=&keyword=&page=1&pageSize=20 响应时间为: 0.013s
[2018-02-06T21:12:19.195] [INFO] normal - GET /article?classify=&state=&keyword=&page=1&pageSize=20 响应时间为: 0.014s
[2018-02-06T21:12:24.203] [INFO] normal - GET /article?classify=&state=publish&keyword=&page=1&pageSize=20 响应时间为: 0.006s
[2018-02-06T21:16:26.212] [INFO] normal - GET /article?classify=&state=&keyword=&page=1&pageSize=20 响应时间为: 0.007s
[2018-02-06T21:16:28.749] [INFO] normal - GET /article?classify=&state=&keyword=&page=2&pageSize=20 响应时间为: 0.008s
[2018-02-06T21:16:29.749] [INFO] normal - GET /article?classify=&state=&keyword=&page=3&pageSize=20 响应时间为: 0.006s
[2018-02-06T21:16:30.663] [INFO] normal - GET /article?classify=&state=&keyword=&page=4&pageSize=20 响应时间为: 0.011s
[2018-02-06T21:16:31.498] [INFO] normal - GET /article?classify=&state=&keyword=&page=5&pageSize=20 响应时间为: 0.005s
[2018-02-06T21:21:28.989] [INFO] normal - GET /article?classify=&state=&keyword=&page=1&pageSize=20 响应时间为: 0.009s
[2018-02-06T21:24:22.346] [INFO] normal - GET /article?classify=&state=&keyword=&page=1&pageSize=20 响应时间为: 0.006s
[2018-02-06T21:26:49.577] [INFO] normal - GET /article?classify=&state=&keyword=&page=1&pageSize=20 响应时间为: 0.008s
[2018-02-06T21:27:06.416] [INFO] normal - GET /article?classify=&state=&keyword=&page=1&pageSize=20 响应时间为: 0.007s
[2018-02-06T21:27:25.492] [INFO] normal - GET /article?classify=&state=&keyword=&page=1&pageSize=20 响应时间为: 0.006s
[2018-02-06T21:27:29.395] [INFO] normal - GET /article?classify=&state=&keyword=&page=1&pageSize=20 响应时间为: 0.007s
[2018-02-06T21:27:56.679] [INFO] normal - GET /article?classify=&state=&keyword=&page=1&pageSize=20 响应时间为: 0.007s
[2018-02-06T21:30:32.629] [INFO] normal - GET /article?classify=&state=&keyword=&page=2&pageSize=20 响应时间为: 0.009s
[2018-02-06T21:30:33.694] [INFO] normal - GET /article?classify=&state=&keyword=&page=3&pageSize=20 响应时间为: 0.006s
[2018-02-06T21:30:34.320] [INFO] normal - GET /article?classify=&state=&keyword=&page=4&pageSize=20 响应时间为: 0.009s
[2018-02-06T21:30:35.431] [INFO] normal - GET /article?classify=&state=&keyword=&page=5&pageSize=20 响应时间为: 0.006s
[2018-02-06T21:30:37.004] [INFO] normal - GET /article?classify=&state=&keyword=&page=4&pageSize=20 响应时间为: 0.009s
[2018-02-06T21:30:37.720] [INFO] normal - GET /article?classify=&state=&keyword=&page=1&pageSize=20 响应时间为: 0.007s
[2018-02-06T21:33:58.141] [INFO] normal - GET /article?classify=&state=&keyword=&page=1&pageSize=20 响应时间为: 0.008s
[2018-02-06T21:39:00.551] [INFO] normal - GET /article?classify=&state=&keyword=&page=1&pageSize=20 响应时间为: 0.009s
[2018-02-06T21:39:18.092] [INFO] normal - GET /article?classify=&state=&keyword=&page=1&pageSize=20 响应时间为: 0.008s
[2018-02-06T21:39:30.363] [INFO] normal - GET /article?classify=&state=&keyword=&page=1&pageSize=20 响应时间为: 0.007s
[2018-02-06T21:39:50.480] [INFO] normal - GET /article?classify=&state=&keyword=&page=1&pageSize=20 响应时间为: 0.009s
[2018-02-06T21:42:28.819] [INFO] normal - GET /article?classify=&state=&keyword=&page=1&pageSize=20 响应时间为: 0.006s
[2018-02-06T21:42:53.671] [INFO] normal - GET /article?classify=&state=&keyword=&page=1&pageSize=20 响应时间为: 0.013s
[2018-02-06T21:50:53.778] [INFO] normal - GET /article?classify=&state=&keyword=&page=1&pageSize=20 响应时间为: 0.009s
[2018-02-06T21:54:24.401] [INFO] normal - GET /article?classify=&state=&keyword=&page=5&pageSize=20 响应时间为: 0.004s
[2018-02-06T21:54:35.264] [INFO] normal - GET /article?classify=&state=&keyword=&page=5&pageSize=30 响应时间为: 0.01s
[2018-02-06T21:54:35.267] [INFO] normal - GET /article?classify=&state=&keyword=&page=3&pageSize=30 响应时间为: 0.012s
[2018-02-06T21:54:41.753] [INFO] normal - GET /article?classify=&state=&keyword=&page=3&pageSize=25 响应时间为: 0.007s
[2018-02-06T21:54:43.196] [INFO] normal - GET /article?classify=&state=&keyword=&page=4&pageSize=25 响应时间为: 0.004s
[2018-02-06T21:56:10.978] [INFO] normal - GET /article?classify=&state=&keyword=&page=1&pageSize=20 响应时间为: 0.006s
[2018-02-06T21:56:16.829] [INFO] normal - GET /article?classify=&state=&keyword=&page=2&pageSize=20 响应时间为: 0.006s
[2018-02-06T21:57:08.217] [INFO] normal - GET /article?classify=&state=&keyword=&page=1&pageSize=20 响应时间为: 0.005s
[2018-02-06T21:57:11.489] [INFO] normal - GET /article?classify=&state=&keyword=&page=2&pageSize=20 响应时间为: 0.005s
[2018-02-06T21:57:18.627] [INFO] normal - GET /article?classify=&state=&keyword=&page=1&pageSize=20 响应时间为: 0.006s
[2018-02-06T21:57:44.771] [INFO] normal - GET /article?classify=&state=&keyword=&page=1&pageSize=20 响应时间为: 0.005s
[2018-02-06T21:57:47.980] [INFO] normal - GET /article?classify=&state=&keyword=&page=2&pageSize=20 响应时间为: 0.008s
[2018-02-06T21:57:51.572] [INFO] normal - GET /article?classify=&state=&keyword=&page=3&pageSize=20 响应时间为: 0.008s
[2018-02-06T21:57:54.996] [INFO] normal - GET /article?classify=&state=&keyword=&page=4&pageSize=20 响应时间为: 0.005s
[2018-02-06T21:57:58.414] [INFO] normal - GET /article?classify=&state=&keyword=&page=5&pageSize=20 响应时间为: 0.004s
[2018-02-06T21:59:06.837] [INFO] normal - GET /article?classify=&state=&keyword=&page=4&pageSize=20 响应时间为: 0.006s
[2018-02-06T21:59:07.523] [INFO] normal - GET /article?classify=&state=&keyword=&page=3&pageSize=20 响应时间为: 0.007s
[2018-02-06T21:59:08.528] [INFO] normal - GET /article?classify=&state=&keyword=&page=1&pageSize=20 响应时间为: 0.007s
[2018-02-06T21:59:11.384] [INFO] normal - GET /article?classify=&state=&keyword=&page=2&pageSize=20 响应时间为: 0.005s
[2018-02-06T21:59:39.639] [INFO] normal - GET /article?classify=&state=&keyword=&page=5&pageSize=20 响应时间为: 0.004s
[2018-02-06T21:59:42.600] [INFO] normal - GET /article?classify=&state=&keyword=&page=4&pageSize=20 响应时间为: 0.009s
[2018-02-06T22:00:06.139] [INFO] normal - GET /article?classify=&state=&keyword=&page=4&pageSize=10 响应时间为: 0.006s
[2018-02-06T22:00:06.141] [INFO] normal - GET /article?classify=&state=&keyword=&page=8&pageSize=10 响应时间为: 0.006s
[2018-02-06T22:00:13.167] [INFO] normal - GET /article?classify=&state=&keyword=&page=2&pageSize=35 响应时间为: 0.008s
[2018-02-06T22:00:13.169] [INFO] normal - GET /article?classify=&state=&keyword=&page=8&pageSize=35 响应时间为: 0.011s
[2018-02-06T22:00:18.877] [INFO] normal - GET /article?classify=&state=&keyword=&page=3&pageSize=35 响应时间为: 0.007s
[2018-02-06T22:00:23.300] [INFO] normal - GET /article?classify=&state=&keyword=&page=2&pageSize=35 响应时间为: 0.007s
[2018-02-06T22:00:28.241] [INFO] normal - GET /article?classify=&state=&keyword=&page=1&pageSize=35 响应时间为: 0.01s
[2018-02-06T22:00:34.225] [INFO] normal - GET /article?classify=&state=&keyword=&page=1&pageSize=30 响应时间为: 0.007s
[2018-02-06T22:00:37.653] [INFO] normal - GET /article?classify=&state=&keyword=&page=3&pageSize=30 响应时间为: 0.007s
[2018-02-06T22:00:40.085] [INFO] normal - GET /article?classify=&state=&keyword=&page=3&pageSize=35 响应时间为: 0.014s
[2018-02-06T22:00:40.089] [INFO] normal - GET /article?classify=&state=&keyword=&page=2&pageSize=35 响应时间为: 0.017s
[2018-02-06T22:00:44.996] [INFO] normal - GET /article?classify=&state=&keyword=&page=3&pageSize=20 响应时间为: 0.007s
[2018-02-06T22:00:44.999] [INFO] normal - GET /article?classify=&state=&keyword=&page=2&pageSize=20 响应时间为: 0.011s
[2018-02-06T22:00:47.145] [INFO] normal - GET /article?classify=&state=&keyword=&page=3&pageSize=10 响应时间为: 0.005s
[2018-02-06T22:00:47.149] [INFO] normal - GET /article?classify=&state=&keyword=&page=6&pageSize=10 响应时间为: 0.008s
[2018-02-06T22:00:57.517] [INFO] normal - GET /article?classify=&state=&keyword=&page=6&pageSize=7 响应时间为: 0.007s
[2018-02-06T22:00:57.518] [INFO] normal - GET /article?classify=&state=&keyword=&page=17&pageSize=7 响应时间为: 0.006s
[2018-02-06T22:01:00.321] [INFO] normal - GET /article?classify=&state=&keyword=&page=16&pageSize=7 响应时间为: 0.004s
[2018-02-06T22:01:01.209] [INFO] normal - GET /article?classify=&state=&keyword=&page=15&pageSize=7 响应时间为: 0.002s
[2018-02-06T22:01:02.129] [INFO] normal - GET /article?classify=&state=&keyword=&page=13&pageSize=7 响应时间为: 0.005s
[2018-02-06T22:01:04.353] [INFO] normal - GET /article?classify=&state=&keyword=&page=10&pageSize=7 响应时间为: 0.004s
[2018-02-06T22:01:06.380] [INFO] normal - GET /article?classify=&state=&keyword=&page=9&pageSize=7 响应时间为: 0.004s
[2018-02-06T22:01:08.153] [INFO] normal - GET /article?classify=&state=&keyword=&page=1&pageSize=20 响应时间为: 0.006s
[2018-02-06T22:01:10.660] [INFO] normal - GET /article?classify=&state=&keyword=&page=1&pageSize=7 响应时间为: 0.006s
[2018-02-06T22:01:10.661] [INFO] normal - GET /article?classify=&state=&keyword=&page=2&pageSize=7 响应时间为: 0.006s
[2018-02-06T22:01:12.645] [INFO] normal - GET /article?classify=&state=&keyword=&page=3&pageSize=7 响应时间为: 0.005s
[2018-02-06T22:01:13.693] [INFO] normal - GET /article?classify=&state=&keyword=&page=13&pageSize=7 响应时间为: 0.004s
[2018-02-06T22:01:20.228] [INFO] normal - GET /article?classify=&state=&keyword=&page=13&pageSize=20 响应时间为: 0.004s
[2018-02-06T22:01:20.234] [INFO] normal - GET /article?classify=&state=&keyword=&page=4&pageSize=20 响应时间为: 0.009s
[2018-02-06T22:01:47.937] [INFO] normal - GET /article?classify=&state=&keyword=&page=5&pageSize=20 响应时间为: 0.005s
[2018-02-06T22:01:51.092] [INFO] normal - GET /article?classify=&state=&keyword=&page=5&pageSize=7 响应时间为: 0.005s
[2018-02-06T22:01:51.095] [INFO] normal - GET /article?classify=&state=&keyword=&page=14&pageSize=7 响应时间为: 0.007s
[2018-02-06T22:02:00.509] [INFO] normal - GET /article?classify=&state=&keyword=&page=1&pageSize=20 响应时间为: 0.007s
[2018-02-06T22:02:02.325] [INFO] normal - GET /article?classify=&state=&keyword=&page=5&pageSize=20 响应时间为: 0.004s
[2018-02-06T22:02:04.240] [INFO] normal - GET /article?classify=&state=&keyword=&page=5&pageSize=7 响应时间为: 0.004s
[2018-02-06T22:02:04.241] [INFO] normal - GET /article?classify=&state=&keyword=&page=14&pageSize=7 响应时间为: 0.004s
[2018-02-06T22:02:29.943] [INFO] normal - GET /article?classify=&state=&keyword=&page=13&pageSize=7 响应时间为: 0.004s
[2018-02-06T22:02:32.032] [INFO] normal - GET /article?classify=&state=&keyword=&page=11&pageSize=7 响应时间为: 0.005s
[2018-02-06T22:02:34.621] [INFO] normal - GET /article?classify=&state=&keyword=&page=10&pageSize=7 响应时间为: 0.004s
[2018-02-06T22:02:37.736] [INFO] normal - GET /article?classify=&state=&keyword=&page=12&pageSize=7 响应时间为: 0.005s
[2018-02-06T22:02:38.502] [INFO] normal - GET /article?classify=&state=&keyword=&page=10&pageSize=7 响应时间为: 0.004s
[2018-02-06T22:02:40.247] [INFO] normal - GET /article?classify=&state=&keyword=&page=9&pageSize=7 响应时间为: 0.005s
[2018-02-06T22:02:41.034] [INFO] normal - GET /article?classify=&state=&keyword=&page=8&pageSize=7 响应时间为: 0.008s
[2018-02-06T22:02:41.820] [INFO] normal - GET /article?classify=&state=&keyword=&page=6&pageSize=7 响应时间为: 0.005s
[2018-02-06T22:02:42.493] [INFO] normal - GET /article?classify=&state=&keyword=&page=3&pageSize=7 响应时间为: 0.005s
[2018-02-06T22:02:43.654] [INFO] normal - GET /article?classify=&state=&keyword=&page=13&pageSize=7 响应时间为: 0.004s
[2018-02-06T22:02:44.409] [INFO] normal - GET /article?classify=&state=&keyword=&page=12&pageSize=7 响应时间为: 0.003s
[2018-02-06T22:02:45.029] [INFO] normal - GET /article?classify=&state=&keyword=&page=11&pageSize=7 响应时间为: 0.005s
[2018-02-06T22:03:20.702] [INFO] normal - GET /article?classify=&state=&keyword=&page=1&pageSize=20 响应时间为: 0.006s
[2018-02-06T22:03:22.138] [INFO] normal - GET /article?classify=&state=&keyword=&page=5&pageSize=20 响应时间为: 0.009s
[2018-02-06T22:03:24.103] [INFO] normal - GET /article?classify=&state=&keyword=&page=5&pageSize=7 响应时间为: 0.005s
[2018-02-06T22:03:24.106] [INFO] normal - GET /article?classify=&state=&keyword=&page=14&pageSize=7 响应时间为: 0.007s
[2018-02-06T22:05:11.329] [INFO] normal - GET /article?classify=&state=&keyword=&page=13&pageSize=7 响应时间为: 0.008s
[2018-02-06T22:05:12.237] [INFO] normal - GET /article?classify=&state=&keyword=&page=5&pageSize=7 响应时间为: 0.004s
[2018-02-06T22:05:13.061] [INFO] normal - GET /article?classify=&state=&keyword=&page=4&pageSize=7 响应时间为: 0.004s
[2018-02-06T22:05:15.351] [INFO] normal - GET /article?classify=&state=&keyword=&page=1&pageSize=20 响应时间为: 0.005s
[2018-02-06T22:05:16.679] [INFO] normal - GET /article?classify=&state=&keyword=&page=5&pageSize=20 响应时间为: 0.004s
[2018-02-06T22:05:20.735] [INFO] normal - GET /article?classify=&state=&keyword=&page=5&pageSize=15 响应时间为: 0.006s
[2018-02-06T22:05:20.742] [INFO] normal - GET /article?classify=&state=&keyword=&page=6&pageSize=15 响应时间为: 0.005s
[2018-02-06T22:05:24.532] [INFO] normal - GET /article?classify=&state=&keyword=&page=6&pageSize=7 响应时间为: 0.006s
[2018-02-06T22:05:24.535] [INFO] normal - GET /article?classify=&state=&keyword=&page=12&pageSize=7 响应时间为: 0.008s
[2018-02-06T22:05:26.839] [INFO] normal - GET /article?classify=&state=&keyword=&page=13&pageSize=7 响应时间为: 0.003s
[2018-02-06T22:05:28.764] [INFO] normal - GET /article?classify=&state=&keyword=&page=4&pageSize=20 响应时间为: 0.005s
[2018-02-06T22:05:28.765] [INFO] normal - GET /article?classify=&state=&keyword=&page=13&pageSize=20 响应时间为: 0.007s
[2018-02-06T22:05:30.372] [INFO] normal - GET /article?classify=&state=&keyword=&page=4&pageSize=25 响应时间为: 0.008s
[2018-02-06T22:05:30.378] [INFO] normal - GET /article?classify=&state=&keyword=&page=3&pageSize=25 响应时间为: 0.012s
[2018-02-06T22:05:33.090] [INFO] normal - GET /article?classify=&state=&keyword=&page=3&pageSize=35 响应时间为: 0.007s
[2018-02-06T22:05:33.099] [INFO] normal - GET /article?classify=&state=&keyword=&page=2&pageSize=35 响应时间为: 0.015s
[2018-02-06T22:05:34.560] [INFO] normal - GET /article?classify=&state=&keyword=&page=3&pageSize=35 响应时间为: 0.009s
[2018-02-06T22:05:36.552] [INFO] normal - GET /article?classify=&state=&keyword=&page=3&pageSize=7 响应时间为: 0.008s
[2018-02-06T22:05:36.555] [INFO] normal - GET /article?classify=&state=&keyword=&page=15&pageSize=7 响应时间为: 0.008s
[2018-02-06T22:06:39.921] [INFO] normal - GET /article?classify=&state=&keyword=&page=5&pageSize=7 响应时间为: 0.005s
[2018-02-06T22:06:41.718] [INFO] normal - GET /article?classify=&state=&keyword=&page=3&pageSize=7 响应时间为: 0.005s
[2018-02-06T22:06:43.584] [INFO] normal - GET /article?classify=&state=&keyword=&page=5&pageSize=7 响应时间为: 0.004s
[2018-02-06T22:06:45.342] [INFO] normal - GET /article?classify=&state=&keyword=&page=14&pageSize=7 响应时间为: 0.004s
[2018-02-06T22:07:05.838] [INFO] normal - GET /article?classify=&state=&keyword=&page=1&pageSize=20 响应时间为: 0.005s
[2018-02-06T22:07:12.581] [INFO] normal - GET /article?classify=&state=&keyword=&page=5&pageSize=20 响应时间为: 0.004s
[2018-02-06T22:07:16.717] [INFO] normal - GET /article?classify=&state=&keyword=&page=5&pageSize=7 响应时间为: 0.007s
[2018-02-06T22:07:16.720] [INFO] normal - GET /article?classify=&state=&keyword=&page=14&pageSize=7 响应时间为: 0.006s
[2018-02-06T22:08:37.053] [INFO] normal - GET /article?classify=&state=&keyword=&page=1&pageSize=20 响应时间为: 0.007s
[2018-02-06T22:09:04.790] [INFO] normal - GET /article?classify=&state=&keyword=&page=5&pageSize=20 响应时间为: 0.005s
[2018-02-06T22:09:08.038] [INFO] normal - GET /article?classify=&state=&keyword=&page=5&pageSize=7 响应时间为: 0.007s
[2018-02-06T22:09:08.040] [INFO] normal - GET /article?classify=&state=&keyword=&page=14&pageSize=7 响应时间为: 0.008s
[2018-02-06T22:09:50.693] [INFO] normal - GET /article?classify=&state=&keyword=&page=1&pageSize=20 响应时间为: 0.005s
[2018-02-06T22:09:52.596] [INFO] normal - GET /article?classify=&state=&keyword=&page=5&pageSize=20 响应时间为: 0.008s
[2018-02-06T22:09:54.593] [INFO] normal - GET /article?classify=&state=&keyword=&page=5&pageSize=7 响应时间为: 0.005s
[2018-02-06T22:09:54.595] [INFO] normal - GET /article?classify=&state=&keyword=&page=14&pageSize=7 响应时间为: 0.004s
[2018-02-06T22:10:48.765] [INFO] normal - GET /article?classify=&state=&keyword=&page=1&pageSize=20 响应时间为: 0.005s
[2018-02-06T22:10:51.514] [INFO] normal - GET /article?classify=&state=&keyword=&page=5&pageSize=20 响应时间为: 0.005s
[2018-02-06T22:10:54.450] [INFO] normal - GET /article?classify=&state=&keyword=&page=5&pageSize=7 响应时间为: 0.005s
[2018-02-06T22:10:54.452] [INFO] normal - GET /article?classify=&state=&keyword=&page=14&pageSize=7 响应时间为: 0.004s
[2018-02-06T22:11:57.603] [INFO] normal - GET /article?classify=&state=&keyword=&page=1&pageSize=20 响应时间为: 0.005s
[2018-02-06T22:12:01.205] [INFO] normal - GET /article?classify=&state=&keyword=&page=5&pageSize=20 响应时间为: 0.006s
[2018-02-06T22:12:05.192] [INFO] normal - GET /article?classify=&state=&keyword=&page=5&pageSize=7 响应时间为: 0.006s
[2018-02-06T22:12:05.194] [INFO] normal - GET /article?classify=&state=&keyword=&page=14&pageSize=7 响应时间为: 0.006s
[2018-02-06T22:12:26.626] [INFO] normal - GET /article?classify=&state=&keyword=&page=1&pageSize=20 响应时间为: 0.005s
[2018-02-06T22:12:27.818] [INFO] normal - GET /article?classify=&state=&keyword=&page=5&pageSize=20 响应时间为: 0.006s
[2018-02-06T22:12:29.688] [INFO] normal - GET /article?classify=&state=&keyword=&page=5&pageSize=7 响应时间为: 0.004s
[2018-02-06T22:12:29.695] [INFO] normal - GET /article?classify=&state=&keyword=&page=11&pageSize=7 响应时间为: 0.009s
[2018-02-06T22:12:59.747] [INFO] normal - GET /article?classify=&state=&keyword=&page=1&pageSize=20 响应时间为: 0.005s
[2018-02-06T22:13:00.661] [INFO] normal - GET /article?classify=&state=&keyword=&page=5&pageSize=20 响应时间为: 0.003s
[2018-02-06T22:13:02.932] [INFO] normal - GET /article?classify=&state=&keyword=&page=11&pageSize=7 响应时间为: 0.008s
[2018-02-06T22:13:02.934] [INFO] normal - GET /article?classify=&state=&keyword=&page=5&pageSize=7 响应时间为: 0.011s
[2018-02-06T22:13:28.942] [INFO] normal - GET /article?classify=&state=&keyword=&page=1&pageSize=20 响应时间为: 0.005s
[2018-02-06T22:13:30.273] [INFO] normal - GET /article?classify=&state=&keyword=&page=5&pageSize=20 响应时间为: 0.008s
[2018-02-06T22:13:45.496] [INFO] normal - GET /article?classify=&state=&keyword=&page=1&pageSize=20 响应时间为: 0.011s
[2018-02-06T22:13:48.037] [INFO] normal - GET /article?classify=&state=&keyword=&page=5&pageSize=20 响应时间为: 0.004s
[2018-02-06T22:13:50.445] [INFO] normal - GET /article?classify=&state=&keyword=&page=11&pageSize=7 响应时间为: 0.005s
[2018-02-06T22:13:50.448] [INFO] normal - GET /article?classify=&state=&keyword=&page=5&pageSize=7 响应时间为: 0.009s
[2018-02-06T22:13:53.254] [INFO] normal - GET /article?classify=&state=&keyword=&page=13&pageSize=7 响应时间为: 0.004s
[2018-02-06T22:15:27.372] [INFO] normal - GET /article?classify=&state=&keyword=&page=10&pageSize=7 响应时间为: 0.006s
[2018-02-06T22:15:29.119] [INFO] normal - GET /article?classify=&state=&keyword=&page=7&pageSize=7 响应时间为: 0.004s
[2018-02-06T22:15:32.334] [INFO] normal - GET /article?classify=&state=&keyword=&page=1&pageSize=35 响应时间为: 0.008s
[2018-02-06T22:15:32.335] [INFO] normal - GET /article?classify=&state=&keyword=&page=7&pageSize=35 响应时间为: 0.011s
[2018-02-06T22:17:31.725] [INFO] normal - GET /article?classify=&state=&keyword=&page=1&pageSize=20 响应时间为: 0.006s
[2018-02-06T22:17:48.672] [INFO] normal - GET /article?classify=&state=&keyword=&page=5&pageSize=20 响应时间为: 0.003s
[2018-02-06T22:18:02.049] [INFO] normal - GET /article?classify=&state=&keyword=&page=4&pageSize=20 响应时间为: 0.005s
[2018-02-06T22:18:03.552] [INFO] normal - GET /article?classify=&state=&keyword=&page=3&pageSize=20 响应时间为: 0.006s
[2018-02-06T22:18:04.532] [INFO] normal - GET /article?classify=&state=&keyword=&page=2&pageSize=20 响应时间为: 0.007s
[2018-02-06T22:19:44.636] [INFO] normal - GET /article?classify=&state=&keyword=&page=1&pageSize=20 响应时间为: 0.006s
[2018-02-06T22:19:47.405] [INFO] normal - GET /article?classify=&state=&keyword=&page=5&pageSize=20 响应时间为: 0.006s
[2018-02-06T22:19:49.244] [INFO] normal - GET /article?classify=&state=&keyword=&page=4&pageSize=20 响应时间为: 0.005s
[2018-02-06T22:19:50.112] [INFO] normal - GET /article?classify=&state=&keyword=&page=3&pageSize=20 响应时间为: 0.008s
[2018-02-06T22:19:50.885] [INFO] normal - GET /article?classify=&state=&keyword=&page=5&pageSize=20 响应时间为: 0.006s
[2018-02-06T22:20:12.723] [INFO] normal - GET /article?classify=&state=&keyword=&page=4&pageSize=20 响应时间为: 0.006s
[2018-02-06T22:20:14.415] [INFO] normal - GET /article?classify=&state=&keyword=&page=5&pageSize=20 响应时间为: 0.005s
[2018-02-06T22:20:16.116] [INFO] normal - GET /article?classify=&state=&keyword=&page=4&pageSize=20 响应时间为: 0.009s
[2018-02-06T22:20:17.929] [INFO] normal - GET /article?classify=&state=&keyword=&page=5&pageSize=20 响应时间为: 0.004s
[2018-02-06T22:20:30.576] [INFO] normal - GET /article?classify=&state=&keyword=&page=1&pageSize=20 响应时间为: 0.006s
[2018-02-06T22:20:33.001] [INFO] normal - GET /article?classify=&state=&keyword=&page=3&pageSize=20 响应时间为: 0.008s
[2018-02-06T22:20:33.880] [INFO] normal - GET /article?classify=&state=&keyword=&page=4&pageSize=20 响应时间为: 0.008s
[2018-02-06T22:20:34.514] [INFO] normal - GET /article?classify=&state=&keyword=&page=5&pageSize=20 响应时间为: 0.006s
[2018-02-06T22:20:37.427] [INFO] normal - GET /article?classify=&state=&keyword=&page=2&pageSize=20 响应时间为: 0.008s
[2018-02-06T22:20:38.473] [INFO] normal - GET /article?classify=&state=&keyword=&page=1&pageSize=20 响应时间为: 0.005s
[2018-02-06T22:20:39.653] [INFO] normal - GET /article?classify=&state=&keyword=&page=2&pageSize=20 响应时间为: 0.011s
[2018-02-06T22:20:40.519] [INFO] normal - GET /article?classify=&state=&keyword=&page=5&pageSize=20 响应时间为: 0.004s
[2018-02-06T22:20:53.741] [INFO] normal - GET /article?classify=&state=&keyword=&page=3&pageSize=20 响应时间为: 0.007s
[2018-02-06T22:20:54.609] [INFO] normal - GET /article?classify=&state=&keyword=&page=1&pageSize=20 响应时间为: 0.007s
[2018-02-06T22:24:18.979] [INFO] normal - GET /article?classify=&state=&keyword=&page=2&pageSize=20 响应时间为: 0.008s
[2018-02-06T22:24:22.338] [INFO] normal - GET /article?classify=&state=&keyword=&page=3&pageSize=20 响应时间为: 0.008s
[2018-02-06T22:24:25.369] [INFO] normal - GET /article?classify=&state=&keyword=&page=4&pageSize=20 响应时间为: 0.01s
[2018-02-06T22:24:32.194] [INFO] normal - GET /article?classify=&state=&keyword=&page=5&pageSize=20 响应时间为: 0.004s
[2018-02-06T22:24:36.760] [INFO] normal - GET /article?classify=&state=&keyword=&page=4&pageSize=20 响应时间为: 0.006s
[2018-02-06T22:27:07.961] [INFO] normal - GET /article?classify=&state=&keyword=&page=5&pageSize=20 响应时间为: 0.004s
[2018-02-06T22:27:10.954] [INFO] normal - GET /article?classify=&state=&keyword=&page=4&pageSize=20 响应时间为: 0.005s
[2018-02-06T22:27:12.094] [INFO] normal - GET /article?classify=&state=&keyword=&page=3&pageSize=20 响应时间为: 0.007s
[2018-02-06T22:27:12.789] [INFO] normal - GET /article?classify=&state=&keyword=&page=2&pageSize=20 响应时间为: 0.006s
[2018-02-06T22:27:13.530] [INFO] normal - GET /article?classify=&state=&keyword=&page=1&pageSize=20 响应时间为: 0.008s
[2018-02-06T22:29:39.201] [INFO] normal - GET /article?classify=&state=&keyword=&page=5&pageSize=20 响应时间为: 0.005s
[2018-02-06T22:29:40.538] [INFO] normal - GET /article?classify=&state=&keyword=&page=4&pageSize=20 响应时间为: 0.008s
[2018-02-06T22:30:00.743] [INFO] normal - GET /article?classify=&state=&keyword=&page=5&pageSize=20 响应时间为: 0.004s
[2018-02-06T22:30:02.204] [INFO] normal - GET /article?classify=&state=&keyword=&page=4&pageSize=20 响应时间为: 0.008s
[2018-02-06T22:30:49.652] [INFO] normal - GET /article?classify=&state=&keyword=&page=1&pageSize=20 响应时间为: 0.008s
[2018-02-06T22:32:17.926] [INFO] normal - GET /article?classify=&state=&keyword=&page=1&pageSize=20 响应时间为: 0.006s
[2018-02-06T22:32:41.795] [INFO] normal - GET /article?classify=&state=draft&keyword=&page=1&pageSize=20 响应时间为: 0.007s
[2018-02-06T22:32:45.490] [INFO] normal - GET /article?classify=web_fe&state=draft&keyword=&page=1&pageSize=20 响应时间为: 0.008s
[2018-02-06T22:32:47.734] [INFO] normal - GET /article?classify=web_be&state=draft&keyword=&page=1&pageSize=20 响应时间为: 0.004s
[2018-02-06T22:32:50.565] [INFO] normal - GET /article?classify=web_fe&state=publish&keyword=&page=1&pageSize=20 响应时间为: 0.003s
[2018-02-06T22:32:53.935] [INFO] normal - GET /article?classify=&state=publish&keyword=&page=1&pageSize=20 响应时间为: 0.005s
[2018-02-06T22:32:55.992] [INFO] normal - GET /article?classify=&state=draft&keyword=&page=1&pageSize=20 响应时间为: 0.008s
[2018-02-06T22:32:57.849] [INFO] normal - GET /article?classify=&state=draft&keyword=&page=5&pageSize=20 响应时间为: 0.004s
[2018-02-06T22:32:59.609] [INFO] normal - GET /article?classify=&state=draft&keyword=&page=2&pageSize=20 响应时间为: 0.009s
[2018-02-06T22:33:01.067] [INFO] normal - GET /article?classify=&state=draft&keyword=&page=1&pageSize=20 响应时间为: 0.005s
[2018-02-06T22:33:51.892] [INFO] normal - GET /article?classify=&state=draft&keyword=&page=2&pageSize=20 响应时间为: 0.005s
[2018-02-06T22:33:52.975] [INFO] normal - GET /article?classify=&state=draft&keyword=&page=3&pageSize=20 响应时间为: 0.01s
[2018-02-06T22:33:53.613] [INFO] normal - GET /article?classify=&state=draft&keyword=&page=4&pageSize=20 响应时间为: 0.01s
[2018-02-06T22:33:54.722] [INFO] normal - GET /article?classify=&state=draft&keyword=&page=5&pageSize=20 响应时间为: 0.005s
[2018-02-06T22:33:56.088] [INFO] normal - GET /article?classify=&state=draft&keyword=&page=3&pageSize=20 响应时间为: 0.007s
[2018-02-06T22:33:56.744] [INFO] normal - GET /article?classify=&state=draft&keyword=&page=2&pageSize=20 响应时间为: 0.005s
[2018-02-06T22:33:57.676] [INFO] normal - GET /article?classify=&state=draft&keyword=&page=1&pageSize=20 响应时间为: 0.01s
[2018-02-06T22:33:59.421] [INFO] normal - GET /article?classify=&state=draft&keyword=&page=5&pageSize=20 响应时间为: 0.005s
[2018-02-06T22:34:00.166] [INFO] normal - GET /article?classify=&state=draft&keyword=&page=4&pageSize=20 响应时间为: 0.006s
[2018-02-06T22:34:02.623] [INFO] normal - GET /article?classify=&state=draft&keyword=&page=2&pageSize=20 响应时间为: 0.006s
[2018-02-06T22:34:05.393] [INFO] normal - GET /article?classify=&state=draft&keyword=&page=1&pageSize=20 响应时间为: 0.009s
[2018-02-06T22:35:19.861] [INFO] normal - GET /article?classify=&state=draft&keyword=&page=5&pageSize=20 响应时间为: 0.004s
[2018-02-06T22:35:22.216] [INFO] normal - GET /article?classify=&state=draft&keyword=&page=5&pageSize=7 响应时间为: 0.004s
[2018-02-06T22:35:22.219] [INFO] normal - GET /article?classify=&state=draft&keyword=&page=11&pageSize=7 响应时间为: 0.005s
[2018-02-06T22:35:27.745] [INFO] normal - GET /article?classify=&state=draft&keyword=&page=12&pageSize=7 响应时间为: 0.004s
[2018-02-06T22:35:28.355] [INFO] normal - GET /article?classify=&state=draft&keyword=&page=13&pageSize=7 响应时间为: 0.004s
[2018-02-06T22:35:28.961] [INFO] normal - GET /article?classify=&state=draft&keyword=&page=11&pageSize=7 响应时间为: 0.003s
[2018-02-06T22:35:29.664] [INFO] normal - GET /article?classify=&state=draft&keyword=&page=10&pageSize=7 响应时间为: 0.006s
[2018-02-06T22:35:30.576] [INFO] normal - GET /article?classify=&state=draft&keyword=&page=8&pageSize=7 响应时间为: 0.005s
[2018-02-06T22:35:31.222] [INFO] normal - GET /article?classify=&state=draft&keyword=&page=5&pageSize=7 响应时间为: 0.005s
[2018-02-06T22:35:31.949] [INFO] normal - GET /article?classify=&state=draft&keyword=&page=2&pageSize=7 响应时间为: 0.004s
[2018-02-06T22:35:32.663] [INFO] normal - GET /article?classify=&state=draft&keyword=&page=1&pageSize=7 响应时间为: 0.006s
[2018-02-06T22:35:34.925] [INFO] normal - GET /article?classify=&state=draft&keyword=&page=2&pageSize=7 响应时间为: 0.005s
[2018-02-06T22:35:36.173] [INFO] normal - GET /article?classify=&state=draft&keyword=&page=5&pageSize=7 响应时间为: 0.004s
[2018-02-06T22:35:36.893] [INFO] normal - GET /article?classify=&state=draft&keyword=&page=8&pageSize=7 响应时间为: 0.006s
[2018-02-06T22:35:37.484] [INFO] normal - GET /article?classify=&state=draft&keyword=&page=13&pageSize=7 响应时间为: 0.004s
[2018-02-06T22:35:40.695] [INFO] normal - GET /article?classify=&state=draft&keyword=&page=13&pageSize=30 响应时间为: 0.003s
[2018-02-06T22:35:40.706] [INFO] normal - GET /article?classify=&state=draft&keyword=&page=2&pageSize=30 响应时间为: 0.008s
[2018-02-06T22:35:44.469] [INFO] normal - GET /article?classify=&state=draft&keyword=&page=3&pageSize=30 响应时间为: 0.006s
[2018-02-06T22:35:48.542] [INFO] normal - GET /article?classify=web_fe&state=draft&keyword=&page=3&pageSize=30 响应时间为: 0.009s
[2018-02-06T22:35:49.886] [INFO] normal - GET /article?classify=web_fe&state=&keyword=&page=3&pageSize=30 响应时间为: 0.007s
[2018-02-07T12:30:26.144] [INFO] normal - GET /qiniu/token 响应时间为: 0.308s
[2018-02-07T12:30:28.271] [INFO] normal - GET /article?classify=&state=&keyword=&page=1&pageSize=20 响应时间为: 0.035s
[2018-02-07T12:30:37.615] [INFO] normal - GET /article?classify=&state=&keyword=&page=2&pageSize=20 响应时间为: 0.007s
[2018-02-07T12:30:39.412] [INFO] normal - GET /article?classify=&state=&keyword=&page=1&pageSize=20 响应时间为: 0.009s
[2018-02-07T12:30:40.345] [INFO] normal - GET /article?classify=&state=&keyword=&page=2&pageSize=20 响应时间为: 0.008s
[2018-02-07T12:30:41.118] [INFO] normal - GET /article?classify=&state=&keyword=&page=1&pageSize=20 响应时间为: 0.011s
[2018-02-07T12:30:43.361] [INFO] normal - GET /article?classify=&state=&keyword=&page=1&pageSize=35 响应时间为: 0.007s
[2018-02-07T12:30:43.372] [INFO] normal - GET /article?classify=&state=&keyword=&page=0&pageSize=35 响应时间为: 0.011s
[2018-02-07T12:30:52.547] [INFO] normal - GET /article?classify=&state=&keyword=&page=1&pageSize=35 响应时间为: 0.016s
[2018-02-07T12:30:53.421] [INFO] normal - GET /article?classify=&state=&keyword=&page=2&pageSize=35 响应时间为: 0.003s
[2018-02-07T12:30:54.753] [INFO] normal - GET /article?classify=&state=&keyword=&page=1&pageSize=35 响应时间为: 0.037s
[2018-02-07T12:30:56.834] [INFO] normal - GET /article?classify=&state=&keyword=&page=2&pageSize=35 响应时间为: 0.004s
[2018-02-07T12:30:59.252] [INFO] normal - GET /article?classify=&state=&keyword=&page=2&pageSize=30 响应时间为: 0.006s
[2018-02-07T12:30:59.264] [INFO] normal - GET /article?classify=&state=&keyword=&page=1&pageSize=30 响应时间为: 0.016s
[2018-02-07T12:31:00.867] [INFO] normal - GET /article?classify=&state=&keyword=&page=1&pageSize=35 响应时间为: 0.01s
[2018-02-07T12:31:00.868] [INFO] normal - GET /article?classify=&state=&keyword=&page=0&pageSize=35 响应时间为: 0.008s
[2018-02-07T12:31:55.029] [INFO] normal - GET /article?classify=&state=&keyword=&page=2&pageSize=35 响应时间为: 0.003s
[2018-02-07T12:31:56.477] [INFO] normal - GET /article?classify=&state=&keyword=&page=1&pageSize=35 响应时间为: 0.011s
[2018-02-07T12:31:57.396] [INFO] normal - GET /article?classify=&state=&keyword=&page=2&pageSize=35 响应时间为: 0.003s
[2018-02-07T12:31:59.461] [INFO] normal - GET /article?classify=&state=&keyword=&page=1&pageSize=20 响应时间为: 0.004s
[2018-02-07T12:32:02.689] [INFO] normal - GET /article?classify=web_fe&state=&keyword=&page=1&pageSize=20 响应时间为: 0.012s
[2018-02-07T12:32:04.934] [INFO] normal - GET /article?classify=web_fe&state=draft&keyword=&page=1&pageSize=20 响应时间为: 0.005s
[2018-02-07T12:32:08.198] [INFO] normal - GET /article?classify=&state=&keyword=&page=1&pageSize=20 响应时间为: 0.01s
[2018-02-07T12:32:12.192] [INFO] normal - GET /article?classify=&state=&keyword=&page=1&pageSize=35 响应时间为: 0.005s
[2018-02-07T12:32:12.198] [INFO] normal - GET /article?classify=&state=&keyword=&page=0&pageSize=35 响应时间为: 0.01s
[2018-02-07T12:33:01.584] [INFO] normal - GET /article?classify=&state=&keyword=&page=1&pageSize=20 响应时间为: 0.003s
[2018-02-07T12:33:14.164] [INFO] normal - GET /article?classify=&state=&keyword=&page=1&pageSize=30 响应时间为: 0.018s
[2018-02-07T12:33:17.677] [INFO] normal - GET /article?classify=&state=&keyword=&page=1&pageSize=35 响应时间为: 0.008s
[2018-02-07T12:34:57.485] [INFO] normal - GET /article?classify=&state=&keyword=&page=2&pageSize=35 响应时间为: 0.002s
[2018-02-07T12:35:01.283] [INFO] normal - GET /article?classify=&state=&keyword=&page=1&pageSize=35 响应时间为: 0.011s
[2018-02-07T12:35:02.023] [INFO] normal - GET /article?classify=&state=&keyword=&page=2&pageSize=35 响应时间为: 0.002s
[2018-02-07T12:35:03.283] [INFO] normal - GET /article?classify=&state=&keyword=&page=1&pageSize=35 响应时间为: 0.014s
[2018-02-07T12:35:04.132] [INFO] normal - GET /article?classify=&state=&keyword=&page=2&pageSize=35 响应时间为: 0.003s
[2018-02-07T12:35:04.936] [INFO] normal - GET /article?classify=&state=&keyword=&page=1&pageSize=35 响应时间为: 0.012s
[2018-02-07T12:35:05.694] [INFO] normal - GET /article?classify=&state=&keyword=&page=2&pageSize=35 响应时间为: 0.003s
[2018-02-07T12:35:06.850] [INFO] normal - GET /article?classify=&state=&keyword=&page=1&pageSize=35 响应时间为: 0.004s
[2018-02-07T12:35:07.672] [INFO] normal - GET /article?classify=&state=&keyword=&page=2&pageSize=35 响应时间为: 0.005s
[2018-02-07T12:35:09.513] [INFO] normal - GET /article?classify=&state=&keyword=&page=1&pageSize=35 响应时间为: 0.019s
[2018-02-07T12:35:10.494] [INFO] normal - GET /article?classify=&state=&keyword=&page=2&pageSize=35 响应时间为: 0.003s
[2018-02-07T12:35:12.990] [INFO] normal - GET /article?classify=&state=&keyword=&page=2&pageSize=7 响应时间为: 0.003s
[2018-02-07T12:35:12.995] [INFO] normal - GET /article?classify=&state=&keyword=&page=5&pageSize=7 响应时间为: 0.007s
[2018-02-07T12:35:16.727] [INFO] normal - GET /article?classify=&state=&keyword=&page=3&pageSize=7 响应时间为: 0.004s
[2018-02-07T12:35:17.502] [INFO] normal - GET /article?classify=&state=&keyword=&page=5&pageSize=7 响应时间为: 0.005s
[2018-02-07T12:35:27.666] [INFO] normal - GET /article?classify=&state=&keyword=&page=1&pageSize=20 响应时间为: 0.003s
[2018-02-07T12:36:34.579] [INFO] normal - GET /article?classify=&state=&keyword=&page=2&pageSize=20 响应时间为: 0.004s
[2018-02-07T12:36:36.645] [INFO] normal - GET /article?classify=&state=&keyword=&page=2&pageSize=7 响应时间为: 0.005s
[2018-02-07T12:36:42.142] [INFO] normal - GET /article?classify=&state=&keyword=&page=3&pageSize=7 响应时间为: 0.003s
[2018-02-07T12:36:50.355] [INFO] normal - GET /article?classify=&state=&keyword=&page=1&pageSize=20 响应时间为: 0.003s
[2018-02-07T12:36:53.119] [INFO] normal - GET /article?classify=&state=&keyword=&page=1&pageSize=7 响应时间为: 0.004s
[2018-02-07T12:36:56.422] [INFO] normal - GET /article?classify=&state=&keyword=&page=2&pageSize=7 响应时间为: 0.002s
[2018-02-07T12:36:57.531] [INFO] normal - GET /article?classify=&state=&keyword=&page=4&pageSize=7 响应时间为: 0.005s
[2018-02-07T12:37:08.747] [INFO] normal - GET /article?classify=&state=&keyword=&page=1&pageSize=20 响应时间为: 0.004s
[2018-02-07T12:37:17.306] [INFO] normal - GET /article?classify=&state=&keyword=&page=1&pageSize=7 响应时间为: 0.008s
[2018-02-07T12:37:22.586] [INFO] normal - GET /article?classify=&state=&keyword=&page=3&pageSize=7 响应时间为: 0.002s
[2018-02-07T12:37:56.089] [INFO] normal - GET /article?classify=&state=&keyword=&page=1&pageSize=20 响应时间为: 0.007s
[2018-02-07T12:37:59.319] [INFO] normal - GET /article?classify=&state=&keyword=&page=1&pageSize=7 响应时间为: 0.003s
[2018-02-07T12:38:01.182] [INFO] normal - GET /article?classify=&state=&keyword=&page=2&pageSize=7 响应时间为: 0.004s
[2018-02-07T12:38:02.115] [INFO] normal - GET /article?classify=&state=&keyword=&page=3&pageSize=7 响应时间为: 0.005s
[2018-02-07T12:38:02.850] [INFO] normal - GET /article?classify=&state=&keyword=&page=4&pageSize=7 响应时间为: 0.003s
[2018-02-07T12:38:03.515] [INFO] normal - GET /article?classify=&state=&keyword=&page=5&pageSize=7 响应时间为: 0.005s
[2018-02-07T12:38:04.370] [INFO] normal - GET /article?classify=&state=&keyword=&page=6&pageSize=7 响应时间为: 0.005s
[2018-02-07T12:38:06.157] [INFO] normal - GET /article?classify=&state=&keyword=&page=5&pageSize=7 响应时间为: 0.005s
[2018-02-07T12:38:07.239] [INFO] normal - GET /article?classify=&state=&keyword=&page=6&pageSize=7 响应时间为: 0.003s
[2018-02-07T12:38:09.040] [INFO] normal - GET /article?classify=&state=&keyword=&page=5&pageSize=7 响应时间为: 0.006s
[2018-02-07T12:38:09.995] [INFO] normal - GET /article?classify=&state=&keyword=&page=6&pageSize=7 响应时间为: 0.003s
[2018-02-07T12:38:10.791] [INFO] normal - GET /article?classify=&state=&keyword=&page=4&pageSize=7 响应时间为: 0.005s
[2018-02-07T12:38:11.811] [INFO] normal - GET /article?classify=&state=&keyword=&page=6&pageSize=7 响应时间为: 0.004s
[2018-02-07T12:38:13.550] [INFO] normal - GET /article?classify=&state=&keyword=&page=5&pageSize=7 响应时间为: 0.005s
[2018-02-07T12:38:14.655] [INFO] normal - GET /article?classify=&state=&keyword=&page=3&pageSize=7 响应时间为: 0.007s
[2018-02-07T12:38:15.498] [INFO] normal - GET /article?classify=&state=&keyword=&page=2&pageSize=7 响应时间为: 0.006s
[2018-02-07T12:38:16.113] [INFO] normal - GET /article?classify=&state=&keyword=&page=1&pageSize=7 响应时间为: 0.005s
[2018-02-07T12:38:17.459] [INFO] normal - GET /article?classify=&state=&keyword=&page=6&pageSize=7 响应时间为: 0.004s
[2018-02-07T12:38:21.902] [INFO] normal - GET /article?classify=&state=&keyword=&page=6&pageSize=10 响应时间为: 0.002s
[2018-02-07T12:38:21.914] [INFO] normal - GET /article?classify=&state=&keyword=&page=3&pageSize=10 响应时间为: 0.005s
[2018-02-07T12:38:25.610] [INFO] normal - GET /article?classify=&state=&keyword=&page=4&pageSize=10 响应时间为: 0.003s
[2018-02-07T12:38:31.250] [INFO] normal - GET /article?classify=&state=&keyword=&page=4&pageSize=7 响应时间为: 0.007s
[2018-02-07T12:38:33.189] [INFO] normal - GET /article?classify=&state=&keyword=&page=4&pageSize=35 响应时间为: 0.003s
[2018-02-07T12:38:33.200] [INFO] normal - GET /article?classify=&state=&keyword=&page=1&pageSize=35 响应时间为: 0.006s
[2018-02-07T12:39:24.805] [INFO] normal - GET /article?classify=&state=&keyword=&page=2&pageSize=35 响应时间为: 0.003s
[2018-02-07T12:39:29.103] [INFO] normal - GET /article?classify=&state=&keyword=&page=2&pageSize=7 响应时间为: 0.002s
[2018-02-07T12:39:29.109] [INFO] normal - GET /article?classify=&state=&keyword=&page=5&pageSize=7 响应时间为: 0.003s
[2018-02-07T12:40:14.864] [INFO] normal - GET /article?classify=&state=&keyword=&page=1&pageSize=20 响应时间为: 0.002s
[2018-02-07T12:40:17.962] [INFO] normal - GET /article?classify=&state=&keyword=&page=2&pageSize=20 响应时间为: 0.003s
[2018-02-07T12:40:19.563] [INFO] normal - GET /article?classify=&state=&keyword=&page=1&pageSize=20 响应时间为: 0.007s
[2018-02-07T12:40:22.074] [INFO] normal - GET /article?classify=&state=&keyword=&page=1&pageSize=30 响应时间为: 0.011s
[2018-02-07T12:40:23.349] [INFO] normal - GET /article?classify=&state=&keyword=&page=1&pageSize=35 响应时间为: 0.007s
[2018-02-07T12:40:33.729] [INFO] normal - GET /qiniu/token 响应时间为: 0.001s
[2018-02-07T12:40:50.651] [INFO] normal - OPTIONS /article/new 响应时间为: 0s
[2018-02-07T12:40:50.741] [INFO] normal - POST /article/new 响应时间为: 0.081s
[2018-02-07T12:40:54.913] [INFO] normal - GET /article?classify=&state=&keyword=&page=1&pageSize=20 响应时间为: 0.005s
[2018-02-07T12:40:57.606] [INFO] normal - GET /article?classify=&state=&keyword=&page=2&pageSize=20 响应时间为: 0.01s
[2018-02-07T12:41:01.850] [INFO] normal - GET /article?classify=&state=&keyword=&page=2&pageSize=35 响应时间为: 0.003s
[2018-02-07T12:41:01.854] [INFO] normal - GET /article?classify=&state=&keyword=&page=1&pageSize=35 响应时间为: 0.005s
[2018-02-07T12:41:08.208] [INFO] normal - GET /article?classify=&state=&keyword=&page=2&pageSize=35 响应时间为: 0.002s
[2018-02-07T12:41:11.144] [INFO] normal - GET /article?classify=&state=&keyword=&page=1&pageSize=35 响应时间为: 0.016s
[2018-02-07T12:41:23.107] [INFO] normal - GET /article?classify=&state=&keyword=&page=1&pageSize=20 响应时间为: 0.004s
[2018-02-07T12:43:02.885] [INFO] normal - GET /article?classify=&state=&keyword=&page=1&pageSize=35 响应时间为: 0.027s
[2018-02-07T12:43:48.149] [INFO] normal - GET /qiniu/token 响应时间为: 0.001s
[2018-02-07T12:43:57.550] [INFO] normal - GET /article?classify=&state=&keyword=&page=1&pageSize=20 响应时间为: 0.029s
[2018-02-07T12:47:54.968] [INFO] normal - GET /qiniu/token 响应时间为: 0.001s
[2018-02-07T12:48:07.161] [INFO] normal - GET /article?classify=&state=&keyword=&page=1&pageSize=20 响应时间为: 0.012s
[2018-02-07T12:49:11.155] [INFO] normal - GET /qiniu/token 响应时间为: 0.001s
[2018-02-07T12:49:36.430] [INFO] normal - GET /article?classify=&state=&keyword=&page=1&pageSize=20 响应时间为: 0.004s
[2018-02-07T12:49:42.267] [INFO] normal - GET /article?classify=&state=&keyword=&page=1&pageSize=35 响应时间为: 0.013s
[2018-02-07T12:49:48.488] [INFO] normal - GET /article?classify=&state=publish&keyword=&page=1&pageSize=35 响应时间为: 0.004s
[2018-02-07T12:49:52.371] [INFO] normal - GET /article?classify=web_fe&state=publish&keyword=&page=1&pageSize=35 响应时间为: 0.006s
[2018-02-07T12:49:53.644] [INFO] normal - GET /article?classify=web_fe&state=draft&keyword=&page=1&pageSize=35 响应时间为: 0.014s
[2018-02-07T12:49:56.308] [INFO] normal - GET /article?classify=web_be&state=draft&keyword=&page=1&pageSize=35 响应时间为: 0.006s
[2018-02-07T12:50:24.403] [INFO] normal - GET /qiniu/token 响应时间为: 0s
[2018-02-07T12:50:25.737] [INFO] normal - GET /article?classify=&state=&keyword=&page=1&pageSize=20 响应时间为: 0.008s
[2018-02-07T12:50:26.836] [INFO] normal - GET /qiniu/token 响应时间为: 0.001s
[2018-02-07T12:50:27.993] [INFO] normal - GET /article?classify=&state=&keyword=&page=1&pageSize=20 响应时间为: 0.004s
[2018-02-07T12:50:28.834] [INFO] normal - GET /qiniu/token 响应时间为: 0.001s
[2018-02-07T12:50:29.862] [INFO] normal - GET /article?classify=&state=&keyword=&page=1&pageSize=20 响应时间为: 0.005s
[2018-02-07T12:50:35.858] [INFO] normal - GET /qiniu/token 响应时间为: 0.001s
[2018-02-07T12:50:36.736] [INFO] normal - GET /article?classify=&state=&keyword=&page=1&pageSize=20 响应时间为: 0.004s
[2018-02-07T12:50:37.651] [INFO] normal - GET /qiniu/token 响应时间为: 0s
[2018-02-07T12:50:38.182] [INFO] normal - GET /article?classify=&state=&keyword=&page=1&pageSize=20 响应时间为: 0.01s
[2018-02-07T12:50:43.687] [INFO] normal - GET /article?classify=&state=&keyword=fghh&page=1&pageSize=20 响应时间为: 0.008s
[2018-02-07T12:51:22.638] [INFO] normal - GET /article?classify=&state=&keyword=&page=1&pageSize=20 响应时间为: 0.005s
[2018-02-07T12:51:26.420] [INFO] normal - GET /article?classify=&state=&keyword=cftgyhui&page=1&pageSize=20 响应时间为: 0.007s
[2018-02-07T12:52:23.609] [INFO] normal - GET /article?classify=&state=&keyword=&page=1&pageSize=20 响应时间为: 0.008s
[2018-02-07T13:01:12.985] [INFO] normal - GET /article?classify=&state=&keyword=io[opo[jppppppjk&page=1&pageSize=20 响应时间为: 0.028s
[2018-02-07T13:01:15.237] [INFO] normal - GET /article?classify=&state=&keyword=io[opo[jppppppjk&page=1&pageSize=20 响应时间为: 0.007s
[2018-02-07T13:01:17.354] [INFO] normal - GET /article?classify=&state=&keyword=io[opo[jppppppjk&page=1&pageSize=20 响应时间为: 0.006s
[2018-02-07T13:01:58.371] [INFO] normal - GET /article?classify=&state=&keyword=io[opo[jppppppjk&page=1&pageSize=20 响应时间为: 0.056s
[2018-02-07T13:02:26.334] [INFO] normal - GET /article?classify=&state=&keyword=io[opo[jppppppjk&page=1&pageSize=20 响应时间为: 0.069s
[2018-02-07T13:04:13.898] [INFO] normal - GET /article?classify=&state=&keyword=&page=1&pageSize=20 响应时间为: 0.029s
[2018-02-07T13:05:35.444] [INFO] normal - GET /qiniu/token 响应时间为: 0.023s
[2018-02-07T13:05:53.434] [INFO] normal - OPTIONS /article/new 响应时间为: 0.001s
[2018-02-07T13:06:25.834] [INFO] normal - OPTIONS /article/new 响应时间为: 0.023s
[2018-02-07T13:06:25.864] [INFO] normal - POST /article/new 响应时间为: 0.026s
[2018-02-07T13:06:29.696] [INFO] normal - GET /article?classify=&state=&keyword=&page=1&pageSize=20 响应时间为: 0.017s
[2018-02-07T13:06:34.090] [INFO] normal - GET /article?classify=&state=&keyword=&page=1&pageSize=35 响应时间为: 0.017s
[2018-02-07T13:06:43.845] [INFO] normal - GET /article?classify=&state=&keyword=&page=2&pageSize=35 响应时间为: 0.004s
[2018-02-07T13:07:06.137] [INFO] normal - GET /article?classify=&state=draft&keyword=&page=2&pageSize=35 响应时间为: 0.006s
[2018-02-07T13:07:09.630] [INFO] normal - GET /article?classify=&state=publish&keyword=&page=2&pageSize=35 响应时间为: 0.005s
[2018-02-07T13:07:15.457] [INFO] normal - GET /article?classify=&state=draft&keyword=&page=1&pageSize=35 响应时间为: 0.018s
[2018-02-07T13:07:16.429] [INFO] normal - GET /article?classify=&state=draft&keyword=&page=2&pageSize=35 响应时间为: 0.004s
[2018-02-07T13:07:17.415] [INFO] normal - GET /article?classify=&state=draft&keyword=&page=1&pageSize=35 响应时间为: 0.017s
[2018-02-07T13:07:18.778] [INFO] normal - GET /article?classify=&state=draft&keyword=&page=2&pageSize=35 响应时间为: 0.005s
[2018-02-07T13:07:19.618] [INFO] normal - GET /article?classify=&state=draft&keyword=&page=1&pageSize=35 响应时间为: 0.019s
[2018-02-07T13:07:21.054] [INFO] normal - GET /article?classify=&state=draft&keyword=&page=2&pageSize=35 响应时间为: 0.004s
[2018-02-07T13:07:22.231] [INFO] normal - GET /article?classify=&state=draft&keyword=&page=1&pageSize=35 响应时间为: 0.029s
[2018-02-07T13:07:23.308] [INFO] normal - GET /article?classify=&state=draft&keyword=&page=1&pageSize=35 响应时间为: 0.013s
[2018-02-07T13:07:24.927] [INFO] normal - GET /article?classify=&state=publish&keyword=&page=1&pageSize=35 响应时间为: 0.002s
[2018-02-07T13:07:27.287] [INFO] normal - GET /article?classify=web_fe&state=publish&keyword=&page=1&pageSize=35 响应时间为: 0.005s
[2018-02-07T13:07:29.415] [INFO] normal - GET /article?classify=web_fe&state=draft&keyword=&page=1&pageSize=35 响应时间为: 0.04s
[2018-02-07T13:07:34.227] [INFO] normal - GET /article?classify=web_fe&state=&keyword=&page=1&pageSize=35 响应时间为: 0.012s
[2018-02-07T13:08:30.181] [INFO] normal - GET /article?classify=web_fe&state=&keyword=&page=1&pageSize=10 响应时间为: 0.004s
[2018-02-07T13:08:32.193] [INFO] normal - GET /article?classify=web_fe&state=&keyword=&page=1&pageSize=7 响应时间为: 0.007s
[2018-02-07T13:08:33.083] [INFO] normal - GET /article?classify=web_fe&state=&keyword=&page=5&pageSize=7 响应时间为: 0.003s
[2018-02-07T13:08:35.768] [INFO] normal - GET /article?classify=web_fe&state=&keyword=&page=5&pageSize=35 响应时间为: 0.013s
[2018-02-07T13:08:35.770] [INFO] normal - GET /article?classify=web_fe&state=&keyword=&page=1&pageSize=35 响应时间为: 0.013s
[2018-02-07T13:10:00.744] [INFO] normal - GET /article?classify=&state=&keyword=&page=1&pageSize=35 响应时间为: 0.014s
[2018-02-07T13:10:04.962] [INFO] normal - GET /article?classify=&state=&keyword=&page=2&pageSize=35 响应时间为: 0.002s
[2018-02-07T13:10:07.296] [INFO] normal - GET /article?classify=&state=&keyword=&page=1&pageSize=35 响应时间为: 0.014s
[2018-02-07T13:12:35.767] [INFO] normal - GET /qiniu/token 响应时间为: 0.001s
[2018-02-07T13:14:16.978] [INFO] normal - GET /article?classify=&state=&keyword=&page=1&pageSize=20 响应时间为: 0.004s
[2018-02-07T13:14:21.102] [INFO] normal - GET /qiniu/token 响应时间为: 0.001s
[2018-02-07T13:15:06.256] [INFO] normal - GET /qiniu/token 响应时间为: 0.002s
[2018-02-07T13:15:08.314] [INFO] normal - GET /article?classify=&state=&keyword=&page=1&pageSize=20 响应时间为: 0.011s
[2018-02-07T13:19:10.145] [INFO] normal - GET /article?classify=&state=&keyword=&page=1&pageSize=20 响应时间为: 0.035s
[2018-02-07T13:22:03.395] [INFO] normal - GET /article?classify=&state=&keyword=&page=1&pageSize=20 响应时间为: 0.041s
[2018-02-07T13:22:59.185] [INFO] normal - GET /article?classify=&state=&keyword=&page=1&pageSize=20 响应时间为: 0.007s
[2018-02-07T13:23:34.172] [INFO] normal - GET /article?classify=&state=&keyword=&page=1&pageSize=20 响应时间为: 0.004s
[2018-02-07T13:24:08.230] [INFO] normal - OPTIONS /article/5a77e1d2d89ce868a6f06725 响应时间为: 0.003s
[2018-02-07T13:24:08.244] [INFO] normal - DELETE /article/5a77e1d2d89ce868a6f06725 响应时间为: 0.009s
[2018-02-07T13:24:27.524] [INFO] normal - OPTIONS /article/5a77e1d2d89ce868a6f06725 响应时间为: 0.029s
[2018-02-07T13:24:27.539] [INFO] normal - DELETE /article/5a77e1d2d89ce868a6f06725 响应时间为: 0.01s
[2018-02-07T13:24:32.449] [INFO] normal - OPTIONS /article/5a77e1d2d89ce868a6f06725 响应时间为: 0.001s
[2018-02-07T13:24:32.457] [INFO] normal - DELETE /article/5a77e1d2d89ce868a6f06725 响应时间为: 0.004s
[2018-02-07T13:24:37.519] [INFO] normal - GET /article?classify=&state=&keyword=&page=1&pageSize=20 响应时间为: 0.014s
[2018-02-07T13:24:42.953] [INFO] normal - OPTIONS /article/5a77e240d89ce868a6f06726 响应时间为: 0s
[2018-02-07T13:24:42.957] [INFO] normal - DELETE /article/5a77e240d89ce868a6f06726 响应时间为: 0.001s
[2018-02-07T13:24:45.139] [INFO] normal - OPTIONS /article/5a77e240d89ce868a6f06726 响应时间为: 0.002s
[2018-02-07T13:24:45.148] [INFO] normal - DELETE /article/5a77e240d89ce868a6f06726 响应时间为: 0.003s
[2018-02-07T13:24:47.689] [INFO] normal - GET /article?classify=&state=&keyword=&page=1&pageSize=20 响应时间为: 0.008s
[2018-02-07T13:25:43.793] [INFO] normal - GET /article?classify=&state=&keyword=&page=1&pageSize=20 响应时间为: 0.005s
[2018-02-07T13:25:47.370] [INFO] normal - OPTIONS /article/5a77e86bd89ce868a6f0673a 响应时间为: 0.001s
[2018-02-07T13:25:47.381] [INFO] normal - DELETE /article/5a77e86bd89ce868a6f0673a 响应时间为: 0.004s
[2018-02-07T13:25:47.408] [INFO] normal - GET /article?classify=&state=&keyword=&page=1&pageSize=20 响应时间为: 0.006s
[2018-02-07T13:25:49.225] [INFO] normal - OPTIONS /article/5a77e86bd89ce868a6f0673b 响应时间为: 0.001s
[2018-02-07T13:25:49.237] [INFO] normal - DELETE /article/5a77e86bd89ce868a6f0673b 响应时间为: 0.006s
[2018-02-07T13:25:49.258] [INFO] normal - GET /article?classify=&state=&keyword=&page=1&pageSize=20 响应时间为: 0.011s
[2018-02-07T13:25:50.893] [INFO] normal - OPTIONS /article/5a77e282d89ce868a6f06727 响应时间为: 0s
[2018-02-07T13:25:50.898] [INFO] normal - DELETE /article/5a77e282d89ce868a6f06727 响应时间为: 0.001s
[2018-02-07T13:25:50.908] [INFO] normal - GET /article?classify=&state=&keyword=&page=1&pageSize=20 响应时间为: 0.006s
[2018-02-07T13:29:58.215] [INFO] normal - GET /article?classify=&state=&keyword=&page=1&pageSize=20 响应时间为: 0.004s
[2018-02-07T13:30:08.125] [INFO] normal - GET /article?classify=&state=&keyword=&page=1&pageSize=20 响应时间为: 0.01s
[2018-02-07T13:35:15.103] [INFO] normal - GET /article?classify=&state=&keyword=&page=1&pageSize=20 响应时间为: 0.028s
[2018-02-07T13:35:21.183] [INFO] normal - GET /article?classify=&state=&keyword=&page=1&pageSize=20 响应时间为: 0.007s
[2018-02-07T13:35:54.907] [INFO] normal - GET /article?classify=&state=&keyword=&page=1&pageSize=20 响应时间为: 0.004s
[2018-02-07T13:37:45.934] [INFO] normal - GET /article?classify=&state=&keyword=&page=1&pageSize=20 响应时间为: 0.003s
[2018-02-07T13:39:09.555] [INFO] normal - GET /article?classify=&state=&keyword=&page=1&pageSize=20 响应时间为: 0.007s
[2018-02-07T13:39:31.833] [INFO] normal - GET /article?classify=&state=&keyword=&page=1&pageSize=20 响应时间为: 0.005s
[2018-02-07T13:41:34.662] [INFO] normal - GET /article?classify=&state=&keyword=&page=1&pageSize=20 响应时间为: 0.003s
[2018-02-07T13:42:03.669] [INFO] normal - GET /article?classify=&state=&keyword=&page=1&pageSize=20 响应时间为: 0.004s
[2018-02-07T13:42:52.022] [INFO] normal - GET /article?classify=&state=&keyword=&page=1&pageSize=20 响应时间为: 0.007s
[2018-02-07T13:42:56.504] [INFO] normal - GET /article?classify=&state=&keyword=&page=1&pageSize=20 响应时间为: 0.003s
[2018-02-07T13:43:08.793] [INFO] normal - GET /article?classify=&state=&keyword=&page=1&pageSize=20 响应时间为: 0.005s
[2018-02-07T13:43:34.168] [INFO] normal - GET /article?classify=&state=&keyword=&page=1&pageSize=20 响应时间为: 0.003s
[2018-02-07T13:46:06.367] [INFO] normal - GET /article?classify=&state=&keyword=&page=1&pageSize=20 响应时间为: 0.003s
[2018-02-07T13:46:16.772] [INFO] normal - GET /article?classify=&state=&keyword=&page=1&pageSize=20 响应时间为: 0.004s
[2018-02-07T13:46:26.714] [INFO] normal - GET /article?classify=&state=&keyword=&page=1&pageSize=20 响应时间为: 0.003s
[2018-02-07T13:46:57.795] [INFO] normal - GET /article?classify=&state=&keyword=&page=1&pageSize=20 响应时间为: 0.003s
[2018-02-07T13:47:03.991] [INFO] normal - GET /article?classify=&state=&keyword=&page=1&pageSize=20 响应时间为: 0.005s
[2018-02-07T13:47:25.501] [INFO] normal - GET /article?classify=&state=&keyword=&page=1&pageSize=20 响应时间为: 0.003s
