Error: listen EADDRINUSE :::4000
    at Object._errnoException (util.js:1024:11)
    at _exceptionWithHostPort (util.js:1046:20)
    at Server.setupListenHandle [as _listen2] (net.js:1351:14)
    at listenInCluster (net.js:1392:12)
    at Server.listen (net.js:1476:7)
    at Application.listen (/home/elapse/repo/elapse/fe/node_modules/koa/lib/application.js:64:19)
    at app.prepare.then (/home/elapse/repo/elapse/fe/server.js:46:10)
    at <anonymous>
    at process._tickDomainCallback (internal/process/next_tick.js:228:7)
Error: listen EADDRINUSE :::4000
    at Object._errnoException (util.js:1024:11)
    at _exceptionWithHostPort (util.js:1046:20)
    at Server.setupListenHandle [as _listen2] (net.js:1351:14)
    at listenInCluster (net.js:1392:12)
    at Server.listen (net.js:1476:7)
    at Application.listen (/home/elapse/repo/elapse/fe/node_modules/koa/lib/application.js:64:19)
    at app.prepare.then (/home/elapse/repo/elapse/fe/server.js:46:10)
    at <anonymous>
    at process._tickDomainCallback (internal/process/next_tick.js:228:7)
Error: listen EADDRINUSE :::4000
    at Object._errnoException (util.js:1024:11)
    at _exceptionWithHostPort (util.js:1046:20)
    at Server.setupListenHandle [as _listen2] (net.js:1351:14)
    at listenInCluster (net.js:1392:12)
    at Server.listen (net.js:1476:7)
    at Application.listen (/home/elapse/repo/elapse/fe/node_modules/koa/lib/application.js:64:19)
    at app.prepare.then (/home/elapse/repo/elapse/fe/server.js:46:10)
    at <anonymous>
    at process._tickDomainCallback (internal/process/next_tick.js:228:7)
Error: listen EADDRINUSE :::4000
    at Object._errnoException (util.js:1024:11)
    at _exceptionWithHostPort (util.js:1046:20)
    at Server.setupListenHandle [as _listen2] (net.js:1351:14)
    at listenInCluster (net.js:1392:12)
    at Server.listen (net.js:1476:7)
    at Application.listen (/home/elapse/repo/elapse/fe/node_modules/koa/lib/application.js:64:19)
    at app.prepare.then (/home/elapse/repo/elapse/fe/server.js:46:10)
    at <anonymous>
    at process._tickDomainCallback (internal/process/next_tick.js:228:7)
Error: listen EADDRINUSE :::4000
    at Object._errnoException (util.js:1024:11)
    at _exceptionWithHostPort (util.js:1046:20)
    at Server.setupListenHandle [as _listen2] (net.js:1351:14)
    at listenInCluster (net.js:1392:12)
    at Server.listen (net.js:1476:7)
    at Application.listen (/home/elapse/repo/elapse/fe/node_modules/koa/lib/application.js:64:19)
    at app.prepare.then (/home/elapse/repo/elapse/fe/server.js:46:10)
    at <anonymous>
    at process._tickDomainCallback (internal/process/next_tick.js:228:7)
Error: listen EADDRINUSE :::4000
    at Object._errnoException (util.js:1024:11)
    at _exceptionWithHostPort (util.js:1046:20)
    at Server.setupListenHandle [as _listen2] (net.js:1351:14)
    at listenInCluster (net.js:1392:12)
    at Server.listen (net.js:1476:7)
    at Application.listen (/home/elapse/repo/elapse/fe/node_modules/koa/lib/application.js:64:19)
    at app.prepare.then (/home/elapse/repo/elapse/fe/server.js:46:10)
    at <anonymous>
    at process._tickDomainCallback (internal/process/next_tick.js:228:7)
Error: listen EADDRINUSE :::4000
    at Object._errnoException (util.js:1024:11)
    at _exceptionWithHostPort (util.js:1046:20)
    at Server.setupListenHandle [as _listen2] (net.js:1351:14)
    at listenInCluster (net.js:1392:12)
    at Server.listen (net.js:1476:7)
    at Application.listen (/home/elapse/repo/elapse/fe/node_modules/koa/lib/application.js:64:19)
    at app.prepare.then (/home/elapse/repo/elapse/fe/server.js:46:10)
    at <anonymous>
    at process._tickDomainCallback (internal/process/next_tick.js:228:7)
Error: listen EADDRINUSE :::4000
    at Object._errnoException (util.js:1024:11)
    at _exceptionWithHostPort (util.js:1046:20)
    at Server.setupListenHandle [as _listen2] (net.js:1351:14)
    at listenInCluster (net.js:1392:12)
    at Server.listen (net.js:1476:7)
    at Application.listen (/home/elapse/repo/elapse/fe/node_modules/koa/lib/application.js:64:19)
    at app.prepare.then (/home/elapse/repo/elapse/fe/server.js:46:10)
    at <anonymous>
    at process._tickDomainCallback (internal/process/next_tick.js:228:7)
Error: listen EADDRINUSE :::4000
    at Object._errnoException (util.js:1024:11)
    at _exceptionWithHostPort (util.js:1046:20)
    at Server.setupListenHandle [as _listen2] (net.js:1351:14)
    at listenInCluster (net.js:1392:12)
    at Server.listen (net.js:1476:7)
    at Application.listen (/home/elapse/repo/elapse/fe/node_modules/koa/lib/application.js:64:19)
    at app.prepare.then (/home/elapse/repo/elapse/fe/server.js:46:10)
    at <anonymous>
    at process._tickDomainCallback (internal/process/next_tick.js:228:7)
Error: listen EADDRINUSE :::4000
    at Object._errnoException (util.js:1024:11)
    at _exceptionWithHostPort (util.js:1046:20)
    at Server.setupListenHandle [as _listen2] (net.js:1351:14)
    at listenInCluster (net.js:1392:12)
    at Server.listen (net.js:1476:7)
    at Application.listen (/home/elapse/repo/elapse/fe/node_modules/koa/lib/application.js:64:19)
    at app.prepare.then (/home/elapse/repo/elapse/fe/server.js:46:10)
    at <anonymous>
    at process._tickDomainCallback (internal/process/next_tick.js:228:7)
Warning: Invalid DOM property `http-equiv`. Did you mean `httpEquiv`?
    in meta (at _document.js:8)
    in head
    in Head (at _document.js:7)
    in html (at _document.js:6)
    in MyDocument
{ Invariant Violation: Objects are not valid as a React child (found: object with keys {avatar, _id, account}). If you meant to render a collection of children, use an array instead.
    in a (at article-list.js:20)
    in div (at article-list.js:19)
    in div (at article-list.js:18)
    in li (at article-list.js:10)
    in ArticleList (at post.js:31)
    in ul (at post.js:29)
    in div (at post.js:28)
    in div (at post.js:27)
    in main (at layout.js:13)
    in div (at layout.js:11)
    in Layout (at post.js:25)
    in Post
    in Connect(Post)
    in Provider
    in WrappedCmp
    in AppContainer
    in Container
    in App
    at invariant (/home/elapse/repo/elapse/fe/node_modules/fbjs/lib/invariant.js:42:15)
    at traverseAllChildrenImpl (/home/elapse/repo/elapse/fe/node_modules/react/cjs/react.development.js:805:7)
    at traverseAllChildren (/home/elapse/repo/elapse/fe/node_modules/react/cjs/react.development.js:833:10)
    at mapIntoWithKeyPrefixInternal (/home/elapse/repo/elapse/fe/node_modules/react/cjs/react.development.js:909:3)
    at toArray (/home/elapse/repo/elapse/fe/node_modules/react/cjs/react.development.js:956:3)
    at ReactDOMServerRenderer.renderDOM (/home/elapse/repo/elapse/fe/node_modules/react-dom/cjs/react-dom-server.node.development.js:2473:18)
    at ReactDOMServerRenderer.render (/home/elapse/repo/elapse/fe/node_modules/react-dom/cjs/react-dom-server.node.development.js:2298:21)
    at ReactDOMServerRenderer.read (/home/elapse/repo/elapse/fe/node_modules/react-dom/cjs/react-dom-server.node.development.js:2234:19)
    at renderToString (/home/elapse/repo/elapse/fe/node_modules/react-dom/cjs/react-dom-server.node.development.js:2501:25)
    at renderPage (/home/elapse/repo/elapse/fe/node_modules/next/dist/server/render.js:176:26)
    at Function.getInitialProps (/home/elapse/repo/elapse/fe/node_modules/next/dist/server/document.js:93:25)
    at _callee$ (/home/elapse/repo/elapse/fe/node_modules/next/dist/lib/utils.js:36:30)
    at tryCatch (/home/elapse/repo/elapse/fe/node_modules/regenerator-runtime/runtime.js:62:40)
    at Generator.invoke [as _invoke] (/home/elapse/repo/elapse/fe/node_modules/regenerator-runtime/runtime.js:296:22)
    at Generator.prototype.(anonymous function) [as next] (/home/elapse/repo/elapse/fe/node_modules/regenerator-runtime/runtime.js:114:21)
    at step (/home/elapse/repo/elapse/fe/node_modules/babel-runtime/helpers/asyncToGenerator.js:17:30) name: 'Invariant Violation', framesToPop: 1 }
{ Invariant Violation: Objects are not valid as a React child (found: object with keys {avatar, _id, account}). If you meant to render a collection of children, use an array instead.
    in a (at article-list.js:20)
    in div (at article-list.js:19)
    in div (at article-list.js:18)
    in li (at article-list.js:10)
    in ArticleList (at post.js:31)
    in ul (at post.js:29)
    in div (at post.js:28)
    in div (at post.js:27)
    in main (at layout.js:13)
    in div (at layout.js:11)
    in Layout (at post.js:25)
    in Post
    in Connect(Post)
    in Provider
    in WrappedCmp
    in AppContainer
    in Container
    in App
    at invariant (/home/elapse/repo/elapse/fe/node_modules/fbjs/lib/invariant.js:42:15)
    at traverseAllChildrenImpl (/home/elapse/repo/elapse/fe/node_modules/react/cjs/react.development.js:805:7)
    at traverseAllChildren (/home/elapse/repo/elapse/fe/node_modules/react/cjs/react.development.js:833:10)
    at mapIntoWithKeyPrefixInternal (/home/elapse/repo/elapse/fe/node_modules/react/cjs/react.development.js:909:3)
    at toArray (/home/elapse/repo/elapse/fe/node_modules/react/cjs/react.development.js:956:3)
    at ReactDOMServerRenderer.renderDOM (/home/elapse/repo/elapse/fe/node_modules/react-dom/cjs/react-dom-server.node.development.js:2473:18)
    at ReactDOMServerRenderer.render (/home/elapse/repo/elapse/fe/node_modules/react-dom/cjs/react-dom-server.node.development.js:2298:21)
    at ReactDOMServerRenderer.read (/home/elapse/repo/elapse/fe/node_modules/react-dom/cjs/react-dom-server.node.development.js:2234:19)
    at renderToString (/home/elapse/repo/elapse/fe/node_modules/react-dom/cjs/react-dom-server.node.development.js:2501:25)
    at renderPage (/home/elapse/repo/elapse/fe/node_modules/next/dist/server/render.js:176:26)
    at Function.getInitialProps (/home/elapse/repo/elapse/fe/node_modules/next/dist/server/document.js:93:25)
    at _callee$ (/home/elapse/repo/elapse/fe/node_modules/next/dist/lib/utils.js:36:30)
    at tryCatch (/home/elapse/repo/elapse/fe/node_modules/regenerator-runtime/runtime.js:62:40)
    at Generator.invoke [as _invoke] (/home/elapse/repo/elapse/fe/node_modules/regenerator-runtime/runtime.js:296:22)
    at Generator.prototype.(anonymous function) [as next] (/home/elapse/repo/elapse/fe/node_modules/regenerator-runtime/runtime.js:114:21)
    at step (/home/elapse/repo/elapse/fe/node_modules/babel-runtime/helpers/asyncToGenerator.js:17:30) name: 'Invariant Violation', framesToPop: 1 }
{ Invariant Violation: Objects are not valid as a React child (found: object with keys {avatar, _id, account}). If you meant to render a collection of children, use an array instead.
    in a (at article-list.js:20)
    in div (at article-list.js:19)
    in div (at article-list.js:18)
    in li (at article-list.js:10)
    in ArticleList (at post.js:31)
    in ul (at post.js:29)
    in div (at post.js:28)
    in div (at post.js:27)
    in main (at layout.js:13)
    in div (at layout.js:11)
    in Layout (at post.js:25)
    in Post
    in Connect(Post)
    in Provider
    in WrappedCmp
    in AppContainer
    in Container
    in App
    at invariant (/home/elapse/repo/elapse/fe/node_modules/fbjs/lib/invariant.js:42:15)
    at traverseAllChildrenImpl (/home/elapse/repo/elapse/fe/node_modules/react/cjs/react.development.js:805:7)
    at traverseAllChildren (/home/elapse/repo/elapse/fe/node_modules/react/cjs/react.development.js:833:10)
    at mapIntoWithKeyPrefixInternal (/home/elapse/repo/elapse/fe/node_modules/react/cjs/react.development.js:909:3)
    at toArray (/home/elapse/repo/elapse/fe/node_modules/react/cjs/react.development.js:956:3)
    at ReactDOMServerRenderer.renderDOM (/home/elapse/repo/elapse/fe/node_modules/react-dom/cjs/react-dom-server.node.development.js:2473:18)
    at ReactDOMServerRenderer.render (/home/elapse/repo/elapse/fe/node_modules/react-dom/cjs/react-dom-server.node.development.js:2298:21)
    at ReactDOMServerRenderer.read (/home/elapse/repo/elapse/fe/node_modules/react-dom/cjs/react-dom-server.node.development.js:2234:19)
    at renderToString (/home/elapse/repo/elapse/fe/node_modules/react-dom/cjs/react-dom-server.node.development.js:2501:25)
    at renderPage (/home/elapse/repo/elapse/fe/node_modules/next/dist/server/render.js:176:26)
    at Function.getInitialProps (/home/elapse/repo/elapse/fe/node_modules/next/dist/server/document.js:93:25)
    at _callee$ (/home/elapse/repo/elapse/fe/node_modules/next/dist/lib/utils.js:36:30)
    at tryCatch (/home/elapse/repo/elapse/fe/node_modules/regenerator-runtime/runtime.js:62:40)
    at Generator.invoke [as _invoke] (/home/elapse/repo/elapse/fe/node_modules/regenerator-runtime/runtime.js:296:22)
    at Generator.prototype.(anonymous function) [as next] (/home/elapse/repo/elapse/fe/node_modules/regenerator-runtime/runtime.js:114:21)
    at step (/home/elapse/repo/elapse/fe/node_modules/babel-runtime/helpers/asyncToGenerator.js:17:30) name: 'Invariant Violation', framesToPop: 1 }
Error: listen EADDRINUSE :::3002
    at Object._errnoException (util.js:1024:11)
    at _exceptionWithHostPort (util.js:1046:20)
    at Server.setupListenHandle [as _listen2] (net.js:1351:14)
    at listenInCluster (net.js:1392:12)
    at Server.listen (net.js:1476:7)
    at Application.listen (/home/elapse/repo/elapse-master/fe/node_modules/_koa@2.5.0@koa/lib/application.js:64:19)
    at app.prepare.then (/home/elapse/repo/elapse-master/fe/server.js:46:10)
    at <anonymous>
    at process._tickDomainCallback (internal/process/next_tick.js:228:7)
Error: listen EADDRINUSE :::3002
    at Object._errnoException (util.js:1024:11)
    at _exceptionWithHostPort (util.js:1046:20)
    at Server.setupListenHandle [as _listen2] (net.js:1351:14)
    at listenInCluster (net.js:1392:12)
    at Server.listen (net.js:1476:7)
    at Application.listen (/home/elapse/repo/elapse-master/fe/node_modules/_koa@2.5.0@koa/lib/application.js:64:19)
    at app.prepare.then (/home/elapse/repo/elapse-master/fe/server.js:46:10)
    at <anonymous>
    at process._tickDomainCallback (internal/process/next_tick.js:228:7)
Error: listen EADDRINUSE :::3002
    at Object._errnoException (util.js:1024:11)
    at _exceptionWithHostPort (util.js:1046:20)
    at Server.setupListenHandle [as _listen2] (net.js:1351:14)
    at listenInCluster (net.js:1392:12)
    at Server.listen (net.js:1476:7)
    at Application.listen (/home/elapse/repo/elapse-master/fe/node_modules/_koa@2.5.0@koa/lib/application.js:64:19)
    at app.prepare.then (/home/elapse/repo/elapse-master/fe/server.js:46:10)
    at <anonymous>
    at process._tickDomainCallback (internal/process/next_tick.js:228:7)
Warning: Invalid DOM property `http-equiv`. Did you mean `httpEquiv`?
    in meta (at _document.js:8)
    in head
    in Head (at _document.js:7)
    in html (at _document.js:6)
    in MyDocument
Client pings, but there's no entry for page: /post
Warning: Invalid DOM property `http-equiv`. Did you mean `httpEquiv`?
    in meta (at _document.js:8)
    in head
    in Head (at _document.js:7)
    in html (at _document.js:6)
    in MyDocument
Warning: Invalid DOM property `http-equiv`. Did you mean `httpEquiv`?
    in meta (at _document.js:8)
    in head
    in Head (at _document.js:7)
    in html (at _document.js:6)
    in MyDocument
Client pings, but there's no entry for page: /article
Client pings, but there's no entry for page: /post
Warning: Invalid DOM property `http-equiv`. Did you mean `httpEquiv`?
    in meta (at _document.js:8)
    in head
    in Head (at _document.js:7)
    in html (at _document.js:6)
    in MyDocument
Warning: Invalid DOM property `http-equiv`. Did you mean `httpEquiv`?
    in meta (at _document.js:8)
    in head
    in Head (at _document.js:7)
    in html (at _document.js:6)
    in MyDocument
Warning: Invalid DOM property `http-equiv`. Did you mean `httpEquiv`?
    in meta (at _document.js:8)
    in head
    in Head (at _document.js:7)
    in html (at _document.js:6)
    in MyDocument
Client pings, but there's no entry for page: /post
Warning: Invalid DOM property `http-equiv`. Did you mean `httpEquiv`?
    in meta (at _document.js:8)
    in head
    in Head (at _document.js:7)
    in html (at _document.js:6)
    in MyDocument
Warning: Invalid DOM property `http-equiv`. Did you mean `httpEquiv`?
    in meta (at _document.js:8)
    in head
    in Head (at _document.js:7)
    in html (at _document.js:6)
    in MyDocument
Client pings, but there's no entry for page: /post
Warning: Invalid DOM property `http-equiv`. Did you mean `httpEquiv`?
    in meta (at _document.js:8)
    in head
    in Head (at _document.js:7)
    in html (at _document.js:6)
    in MyDocument
Client pings, but there's no entry for page: /post
Client pings, but there's no entry for page: /post
Warning: Invalid DOM property `http-equiv`. Did you mean `httpEquiv`?
    in meta (at _document.js:8)
    in head
    in Head (at _document.js:7)
    in html (at _document.js:6)
    in MyDocument
Warning: Invalid DOM property `http-equiv`. Did you mean `httpEquiv`?
    in meta (at _document.js:8)
    in head
    in Head (at _document.js:7)
    in html (at _document.js:6)
    in MyDocument
